<?xml version="1.0" encoding="UTF-8"?>
<Site BuildName="(empty)"
	BuildStamp="20251217-0329-Experimental"
	Name="DESKTOP-P55GQSG"
	Generator="ctest-3.22.1"
	CompilerName="/usr/bin/c++"
	CompilerVersion="11.4.0"
	OSName="Linux"
	Hostname="DESKTOP-P55GQSG"
	OSRelease="6.6.87.1-microsoft-standard-WSL2"
	OSVersion="#1 SMP PREEMPT_DYNAMIC Mon Apr 21 17:08:54 UTC 2025"
	OSPlatform="x86_64"
	Is64Bits="1"
	VendorString="GenuineIntel"
	VendorID="Intel Corporation"
	FamilyID="6"
	ModelID="141"
	ProcessorCacheSize="24576"
	NumberOfLogicalCPU="16"
	NumberOfPhysicalCPU="8"
	TotalVirtualMemory="2048"
	TotalPhysicalMemory="7804"
	LogicalProcessorsPerPhysical="2"
	ProcessorClockFrequency="2304"
	>
	<Testing>
		<StartDateTime>Dec 17 14:29 AEDT</StartDateTime>
		<StartTestTime>1765942172</StartTestTime>
		<TestList>
			<Test>./FilterLibTest</Test>
			<Test>./cppcheck</Test>
			<Test>./flake8</Test>
			<Test>./lint_cmake</Test>
			<Test>./pep257</Test>
			<Test>./uncrustify</Test>
			<Test>./xmllint</Test>
		</TestList>
		<Test Status="passed">
			<Name>FilterLibTest</Name>
			<Path>.</Path>
			<FullName>./FilterLibTest</FullName>
			<FullCommandLine>/mnt/c/Users/harry/ros_ws/build/andromeda_proximity_filter/test_filter_lib</FullCommandLine>
			<Results>
				<NamedMeasurement type="numeric/double" name="Execution Time">
					<Value>0.00609542</Value>
				</NamedMeasurement>
				<NamedMeasurement type="numeric/double" name="Processors">
					<Value>1</Value>
				</NamedMeasurement>
				<NamedMeasurement type="text/string" name="Completion Status">
					<Value>Completed</Value>
				</NamedMeasurement>
				<NamedMeasurement type="text/string" name="Command Line">
					<Value>/mnt/c/Users/harry/ros_ws/build/andromeda_proximity_filter/test_filter_lib</Value>
				</NamedMeasurement>
				<NamedMeasurement type="text/string" name="Environment">
					<Value>#CTEST_RESOURCE_GROUP_COUNT=</Value>
				</NamedMeasurement>
				<Measurement>
					<Value>Running main() from ./googletest/src/gtest_main.cc
[==========] Running 1 test from 1 test suite.
[----------] Global test environment set-up.
[----------] 1 test from ProximityFilterLibTest
[ RUN      ] ProximityFilterLibTest.SimplePolygon
[       OK ] ProximityFilterLibTest.SimplePolygon (0 ms)
[----------] 1 test from ProximityFilterLibTest (0 ms total)

[----------] Global test environment tear-down
[==========] 1 test from 1 test suite ran. (0 ms total)
[  PASSED  ] 1 test.
</Value>
				</Measurement>
			</Results>
		</Test>
		<Test Status="passed">
			<Name>cppcheck</Name>
			<Path>.</Path>
			<FullName>./cppcheck</FullName>
			<FullCommandLine>/usr/bin/python3 "-u" "/opt/ros/humble/share/ament_cmake_test/cmake/run_test.py" "/mnt/c/Users/harry/ros_ws/build/andromeda_proximity_filter/test_results/andromeda_proximity_filter/cppcheck.xunit.xml" "--package-name" "andromeda_proximity_filter" "--output-file" "/mnt/c/Users/harry/ros_ws/build/andromeda_proximity_filter/ament_cppcheck/cppcheck.txt" "--command" "/opt/ros/humble/bin/ament_cppcheck" "--xunit-file" "/mnt/c/Users/harry/ros_ws/build/andromeda_proximity_filter/test_results/andromeda_proximity_filter/cppcheck.xunit.xml" "--include_dirs" "/mnt/c/Users/harry/ros_ws/src/andromeda_proximity_filter/include" "/mnt/c/Users/harry/ros_ws/src/andromeda_proximity_filter/include"</FullCommandLine>
			<Results>
				<NamedMeasurement type="numeric/double" name="Execution Time">
					<Value>0.168811</Value>
				</NamedMeasurement>
				<NamedMeasurement type="numeric/double" name="Processors">
					<Value>1</Value>
				</NamedMeasurement>
				<NamedMeasurement type="text/string" name="Completion Status">
					<Value>Completed</Value>
				</NamedMeasurement>
				<NamedMeasurement type="text/string" name="Command Line">
					<Value>/usr/bin/python3 "-u" "/opt/ros/humble/share/ament_cmake_test/cmake/run_test.py" "/mnt/c/Users/harry/ros_ws/build/andromeda_proximity_filter/test_results/andromeda_proximity_filter/cppcheck.xunit.xml" "--package-name" "andromeda_proximity_filter" "--output-file" "/mnt/c/Users/harry/ros_ws/build/andromeda_proximity_filter/ament_cppcheck/cppcheck.txt" "--command" "/opt/ros/humble/bin/ament_cppcheck" "--xunit-file" "/mnt/c/Users/harry/ros_ws/build/andromeda_proximity_filter/test_results/andromeda_proximity_filter/cppcheck.xunit.xml" "--include_dirs" "/mnt/c/Users/harry/ros_ws/src/andromeda_proximity_filter/include" "/mnt/c/Users/harry/ros_ws/src/andromeda_proximity_filter/include"</Value>
				</NamedMeasurement>
				<NamedMeasurement type="text/string" name="Environment">
					<Value>#CTEST_RESOURCE_GROUP_COUNT=</Value>
				</NamedMeasurement>
				<Measurement>
					<Value>-- run_test.py: invoking following command in '/mnt/c/Users/harry/ros_ws/src/andromeda_proximity_filter':
 - /opt/ros/humble/bin/ament_cppcheck --xunit-file /mnt/c/Users/harry/ros_ws/build/andromeda_proximity_filter/test_results/andromeda_proximity_filter/cppcheck.xunit.xml --include_dirs /mnt/c/Users/harry/ros_ws/src/andromeda_proximity_filter/include /mnt/c/Users/harry/ros_ws/src/andromeda_proximity_filter/include
cppcheck 2.7 has known performance issues and therefore will not be used, set the AMENT_CPPCHECK_ALLOW_SLOW_VERSIONS environment variable to override this.
-- run_test.py: return code 0
-- run_test.py: verify result file '/mnt/c/Users/harry/ros_ws/build/andromeda_proximity_filter/test_results/andromeda_proximity_filter/cppcheck.xunit.xml'
</Value>
				</Measurement>
			</Results>
			<Labels>
				<Label>cppcheck</Label>
				<Label>linter</Label>
			</Labels>
		</Test>
		<Test Status="failed">
			<Name>flake8</Name>
			<Path>.</Path>
			<FullName>./flake8</FullName>
			<FullCommandLine>/usr/bin/python3 "-u" "/opt/ros/humble/share/ament_cmake_test/cmake/run_test.py" "/mnt/c/Users/harry/ros_ws/build/andromeda_proximity_filter/test_results/andromeda_proximity_filter/flake8.xunit.xml" "--package-name" "andromeda_proximity_filter" "--output-file" "/mnt/c/Users/harry/ros_ws/build/andromeda_proximity_filter/ament_flake8/flake8.txt" "--command" "/opt/ros/humble/bin/ament_flake8" "--xunit-file" "/mnt/c/Users/harry/ros_ws/build/andromeda_proximity_filter/test_results/andromeda_proximity_filter/flake8.xunit.xml"</FullCommandLine>
			<Results>
				<NamedMeasurement type="text/string" name="Exit Code">
					<Value>Failed</Value>
				</NamedMeasurement>
				<NamedMeasurement type="text/string" name="Exit Value">
					<Value>1</Value>
				</NamedMeasurement>
				<NamedMeasurement type="numeric/double" name="Execution Time">
					<Value>0.284666</Value>
				</NamedMeasurement>
				<NamedMeasurement type="numeric/double" name="Processors">
					<Value>1</Value>
				</NamedMeasurement>
				<NamedMeasurement type="text/string" name="Completion Status">
					<Value>Completed</Value>
				</NamedMeasurement>
				<NamedMeasurement type="text/string" name="Command Line">
					<Value>/usr/bin/python3 "-u" "/opt/ros/humble/share/ament_cmake_test/cmake/run_test.py" "/mnt/c/Users/harry/ros_ws/build/andromeda_proximity_filter/test_results/andromeda_proximity_filter/flake8.xunit.xml" "--package-name" "andromeda_proximity_filter" "--output-file" "/mnt/c/Users/harry/ros_ws/build/andromeda_proximity_filter/ament_flake8/flake8.txt" "--command" "/opt/ros/humble/bin/ament_flake8" "--xunit-file" "/mnt/c/Users/harry/ros_ws/build/andromeda_proximity_filter/test_results/andromeda_proximity_filter/flake8.xunit.xml"</Value>
				</NamedMeasurement>
				<NamedMeasurement type="text/string" name="Environment">
					<Value>#CTEST_RESOURCE_GROUP_COUNT=</Value>
				</NamedMeasurement>
				<Measurement>
					<Value>-- run_test.py: invoking following command in '/mnt/c/Users/harry/ros_ws/src/andromeda_proximity_filter':
 - /opt/ros/humble/bin/ament_flake8 --xunit-file /mnt/c/Users/harry/ros_ws/build/andromeda_proximity_filter/test_results/andromeda_proximity_filter/flake8.xunit.xml
from launch.actions import ExecuteProcess
^
def generate_launch_description():
^
    pkg_dir = os.path.join(os.getenv('COLCON_PREFIX_PATH').split(':')[0], 'andromeda_proximity_filter')
    ^
    pkg_dir = os.path.join(os.getenv('COLCON_PREFIX_PATH').split(':')[0], 'andromeda_proximity_filter')
                                                                                                   ^
class RealisticLidarPublisher(Node):
^
        self.timer = self.create_timer(0.2, self.publish_pointcloud) 
                                                                    ^
        
^
       
^
        self.num_points = 500       
        ^
        self.num_points = 500       
                             ^
        self.max_range = 3.0        
                            ^
        self.fov_deg = 180.0        
                            ^
        self.fov_center_deg = 0.0   
                                 ^
        
^
        self.hex_center = (0, 0)  
        ^
        self.hex_center = (0, 0)  
                                ^
            ( 0.5,   0.0),
             ^
            ( 0.25,  0.433),
             ^
            ( 0.25, -0.433),
             ^
            
^
            r = random.uniform(0.0, self.max_range * 2)  
                                                       ^
            z = random.uniform(-0.05, 0.2) 
                                          ^
            
^
            if random.random() &lt; 0.1: 
            ^
            if random.random() &lt; 0.1: 
                                     ^
def main():
^
if __name__ == '__main__':
^

^
3     E201 whitespace after '('
3     E302 expected 2 blank lines, found 1
3     E303 too many blank lines (2)
1     E305 expected 2 blank lines after class or function definition, found 1
1     E501 line too long (103 &gt; 99 characters)
1     F401 'launch.actions.ExecuteProcess' imported but unused
1     F841 local variable 'pkg_dir' is assigned to but never used
9     W291 trailing whitespace
5     W293 blank line contains whitespace
1     W391 blank line at end of file

./launch/proximity_filter_launch.py:3:1: F401 'launch.actions.ExecuteProcess' imported but unused

./launch/proximity_filter_launch.py:6:1: E302 expected 2 blank lines, found 1

./launch/proximity_filter_launch.py:7:5: F841 local variable 'pkg_dir' is assigned to but never used

./launch/proximity_filter_launch.py:7:100: E501 line too long (103 &gt; 99 characters)

./scripts/test_pointcloud_pub.py:9:1: E302 expected 2 blank lines, found 1

./scripts/test_pointcloud_pub.py:15:69: W291 trailing whitespace

./scripts/test_pointcloud_pub.py:16:1: W293 blank line contains whitespace

./scripts/test_pointcloud_pub.py:19:1: W293 blank line contains whitespace

./scripts/test_pointcloud_pub.py:20:9: E303 too many blank lines (2)

./scripts/test_pointcloud_pub.py:20:30: W291 trailing whitespace

./scripts/test_pointcloud_pub.py:21:29: W291 trailing whitespace

./scripts/test_pointcloud_pub.py:22:29: W291 trailing whitespace

./scripts/test_pointcloud_pub.py:23:34: W291 trailing whitespace

./scripts/test_pointcloud_pub.py:25:1: W293 blank line contains whitespace

./scripts/test_pointcloud_pub.py:26:9: E303 too many blank lines (2)

./scripts/test_pointcloud_pub.py:26:33: W291 trailing whitespace

./scripts/test_pointcloud_pub.py:28:14: E201 whitespace after '('

./scripts/test_pointcloud_pub.py:29:14: E201 whitespace after '('

./scripts/test_pointcloud_pub.py:33:14: E201 whitespace after '('

./scripts/test_pointcloud_pub.py:46:1: W293 blank line contains whitespace

./scripts/test_pointcloud_pub.py:48:56: W291 trailing whitespace

./scripts/test_pointcloud_pub.py:52:43: W291 trailing whitespace

./scripts/test_pointcloud_pub.py:54:1: W293 blank line contains whitespace

./scripts/test_pointcloud_pub.py:55:13: E303 too many blank lines (2)

./scripts/test_pointcloud_pub.py:55:38: W291 trailing whitespace

./scripts/test_pointcloud_pub.py:85:1: E302 expected 2 blank lines, found 1

./scripts/test_pointcloud_pub.py:91:1: E305 expected 2 blank lines after class or function definition, found 1

./scripts/test_pointcloud_pub.py:93:1: W391 blank line at end of file


2 files checked
28 errors

'E'-type errors: 11
'F'-type errors: 2
'W'-type errors: 15

Checked files:

* ./launch/proximity_filter_launch.py
* ./scripts/test_pointcloud_pub.py
-- run_test.py: return code 1
-- run_test.py: verify result file '/mnt/c/Users/harry/ros_ws/build/andromeda_proximity_filter/test_results/andromeda_proximity_filter/flake8.xunit.xml'
</Value>
				</Measurement>
			</Results>
			<Labels>
				<Label>flake8</Label>
				<Label>linter</Label>
			</Labels>
		</Test>
		<Test Status="passed">
			<Name>lint_cmake</Name>
			<Path>.</Path>
			<FullName>./lint_cmake</FullName>
			<FullCommandLine>/usr/bin/python3 "-u" "/opt/ros/humble/share/ament_cmake_test/cmake/run_test.py" "/mnt/c/Users/harry/ros_ws/build/andromeda_proximity_filter/test_results/andromeda_proximity_filter/lint_cmake.xunit.xml" "--package-name" "andromeda_proximity_filter" "--output-file" "/mnt/c/Users/harry/ros_ws/build/andromeda_proximity_filter/ament_lint_cmake/lint_cmake.txt" "--command" "/opt/ros/humble/bin/ament_lint_cmake" "--xunit-file" "/mnt/c/Users/harry/ros_ws/build/andromeda_proximity_filter/test_results/andromeda_proximity_filter/lint_cmake.xunit.xml"</FullCommandLine>
			<Results>
				<NamedMeasurement type="numeric/double" name="Execution Time">
					<Value>0.153942</Value>
				</NamedMeasurement>
				<NamedMeasurement type="numeric/double" name="Processors">
					<Value>1</Value>
				</NamedMeasurement>
				<NamedMeasurement type="text/string" name="Completion Status">
					<Value>Completed</Value>
				</NamedMeasurement>
				<NamedMeasurement type="text/string" name="Command Line">
					<Value>/usr/bin/python3 "-u" "/opt/ros/humble/share/ament_cmake_test/cmake/run_test.py" "/mnt/c/Users/harry/ros_ws/build/andromeda_proximity_filter/test_results/andromeda_proximity_filter/lint_cmake.xunit.xml" "--package-name" "andromeda_proximity_filter" "--output-file" "/mnt/c/Users/harry/ros_ws/build/andromeda_proximity_filter/ament_lint_cmake/lint_cmake.txt" "--command" "/opt/ros/humble/bin/ament_lint_cmake" "--xunit-file" "/mnt/c/Users/harry/ros_ws/build/andromeda_proximity_filter/test_results/andromeda_proximity_filter/lint_cmake.xunit.xml"</Value>
				</NamedMeasurement>
				<NamedMeasurement type="text/string" name="Environment">
					<Value>#CTEST_RESOURCE_GROUP_COUNT=</Value>
				</NamedMeasurement>
				<Measurement>
					<Value>-- run_test.py: invoking following command in '/mnt/c/Users/harry/ros_ws/src/andromeda_proximity_filter':
 - /opt/ros/humble/bin/ament_lint_cmake --xunit-file /mnt/c/Users/harry/ros_ws/build/andromeda_proximity_filter/test_results/andromeda_proximity_filter/lint_cmake.xunit.xml

No problems found
-- run_test.py: return code 0
-- run_test.py: verify result file '/mnt/c/Users/harry/ros_ws/build/andromeda_proximity_filter/test_results/andromeda_proximity_filter/lint_cmake.xunit.xml'
</Value>
				</Measurement>
			</Results>
			<Labels>
				<Label>lint_cmake</Label>
				<Label>linter</Label>
			</Labels>
		</Test>
		<Test Status="passed">
			<Name>pep257</Name>
			<Path>.</Path>
			<FullName>./pep257</FullName>
			<FullCommandLine>/usr/bin/python3 "-u" "/opt/ros/humble/share/ament_cmake_test/cmake/run_test.py" "/mnt/c/Users/harry/ros_ws/build/andromeda_proximity_filter/test_results/andromeda_proximity_filter/pep257.xunit.xml" "--package-name" "andromeda_proximity_filter" "--output-file" "/mnt/c/Users/harry/ros_ws/build/andromeda_proximity_filter/ament_pep257/pep257.txt" "--command" "/opt/ros/humble/bin/ament_pep257" "--xunit-file" "/mnt/c/Users/harry/ros_ws/build/andromeda_proximity_filter/test_results/andromeda_proximity_filter/pep257.xunit.xml"</FullCommandLine>
			<Results>
				<NamedMeasurement type="numeric/double" name="Execution Time">
					<Value>0.242149</Value>
				</NamedMeasurement>
				<NamedMeasurement type="numeric/double" name="Processors">
					<Value>1</Value>
				</NamedMeasurement>
				<NamedMeasurement type="text/string" name="Completion Status">
					<Value>Completed</Value>
				</NamedMeasurement>
				<NamedMeasurement type="text/string" name="Command Line">
					<Value>/usr/bin/python3 "-u" "/opt/ros/humble/share/ament_cmake_test/cmake/run_test.py" "/mnt/c/Users/harry/ros_ws/build/andromeda_proximity_filter/test_results/andromeda_proximity_filter/pep257.xunit.xml" "--package-name" "andromeda_proximity_filter" "--output-file" "/mnt/c/Users/harry/ros_ws/build/andromeda_proximity_filter/ament_pep257/pep257.txt" "--command" "/opt/ros/humble/bin/ament_pep257" "--xunit-file" "/mnt/c/Users/harry/ros_ws/build/andromeda_proximity_filter/test_results/andromeda_proximity_filter/pep257.xunit.xml"</Value>
				</NamedMeasurement>
				<NamedMeasurement type="text/string" name="Environment">
					<Value>#CTEST_RESOURCE_GROUP_COUNT=</Value>
				</NamedMeasurement>
				<Measurement>
					<Value>-- run_test.py: invoking following command in '/mnt/c/Users/harry/ros_ws/src/andromeda_proximity_filter':
 - /opt/ros/humble/bin/ament_pep257 --xunit-file /mnt/c/Users/harry/ros_ws/build/andromeda_proximity_filter/test_results/andromeda_proximity_filter/pep257.xunit.xml
checking ./launch/proximity_filter_launch.py
checking ./scripts/test_pointcloud_pub.py
No problems found
-- run_test.py: return code 0
-- run_test.py: verify result file '/mnt/c/Users/harry/ros_ws/build/andromeda_proximity_filter/test_results/andromeda_proximity_filter/pep257.xunit.xml'
</Value>
				</Measurement>
			</Results>
			<Labels>
				<Label>linter</Label>
				<Label>pep257</Label>
			</Labels>
		</Test>
		<Test Status="failed">
			<Name>uncrustify</Name>
			<Path>.</Path>
			<FullName>./uncrustify</FullName>
			<FullCommandLine>/usr/bin/python3 "-u" "/opt/ros/humble/share/ament_cmake_test/cmake/run_test.py" "/mnt/c/Users/harry/ros_ws/build/andromeda_proximity_filter/test_results/andromeda_proximity_filter/uncrustify.xunit.xml" "--package-name" "andromeda_proximity_filter" "--output-file" "/mnt/c/Users/harry/ros_ws/build/andromeda_proximity_filter/ament_uncrustify/uncrustify.txt" "--command" "/opt/ros/humble/bin/ament_uncrustify" "--xunit-file" "/mnt/c/Users/harry/ros_ws/build/andromeda_proximity_filter/test_results/andromeda_proximity_filter/uncrustify.xunit.xml"</FullCommandLine>
			<Results>
				<NamedMeasurement type="text/string" name="Exit Code">
					<Value>Failed</Value>
				</NamedMeasurement>
				<NamedMeasurement type="text/string" name="Exit Value">
					<Value>1</Value>
				</NamedMeasurement>
				<NamedMeasurement type="numeric/double" name="Execution Time">
					<Value>0.310589</Value>
				</NamedMeasurement>
				<NamedMeasurement type="numeric/double" name="Processors">
					<Value>1</Value>
				</NamedMeasurement>
				<NamedMeasurement type="text/string" name="Completion Status">
					<Value>Completed</Value>
				</NamedMeasurement>
				<NamedMeasurement type="text/string" name="Command Line">
					<Value>/usr/bin/python3 "-u" "/opt/ros/humble/share/ament_cmake_test/cmake/run_test.py" "/mnt/c/Users/harry/ros_ws/build/andromeda_proximity_filter/test_results/andromeda_proximity_filter/uncrustify.xunit.xml" "--package-name" "andromeda_proximity_filter" "--output-file" "/mnt/c/Users/harry/ros_ws/build/andromeda_proximity_filter/ament_uncrustify/uncrustify.txt" "--command" "/opt/ros/humble/bin/ament_uncrustify" "--xunit-file" "/mnt/c/Users/harry/ros_ws/build/andromeda_proximity_filter/test_results/andromeda_proximity_filter/uncrustify.xunit.xml"</Value>
				</NamedMeasurement>
				<NamedMeasurement type="text/string" name="Environment">
					<Value>#CTEST_RESOURCE_GROUP_COUNT=</Value>
				</NamedMeasurement>
				<Measurement>
					<Value>-- run_test.py: invoking following command in '/mnt/c/Users/harry/ros_ws/src/andromeda_proximity_filter':
 - /opt/ros/humble/bin/ament_uncrustify --xunit-file /mnt/c/Users/harry/ros_ws/build/andromeda_proximity_filter/test_results/andromeda_proximity_filter/uncrustify.xunit.xml
Code style divergence in file 'include/andromeda_proximity_filter/proximity_filter_lib.hpp':

--- include/andromeda_proximity_filter/proximity_filter_lib.hpp
+++ include/andromeda_proximity_filter/proximity_filter_lib.hpp.uncrustify
@@ -11,6 +11,6 @@
-    struct Point3D
-    {
-        double x;
-        double y;
-        double z;
-    };
+  struct Point3D
+  {
+    double x;
+    double y;
+    double z;
+  };
@@ -18 +18 @@
-    ProximityFilterLib();
+  ProximityFilterLib();
@@ -20,3 +20,4 @@
-    // ---------------- Parameters ----------------
-    void setPolygon(const std::vector&lt;double&gt;&amp; x,
-                    const std::vector&lt;double&gt;&amp; y);
+  // ---------------- Parameters ----------------
+  void setPolygon(
+    const std::vector&lt;double&gt; &amp; x,
+    const std::vector&lt;double&gt; &amp; y);
@@ -24,2 +25,3 @@
-    void getPolygon(std::vector&lt;double&gt;&amp; x,
-                    std::vector&lt;double&gt;&amp; y) const;
+  void getPolygon(
+    std::vector&lt;double&gt; &amp; x,
+    std::vector&lt;double&gt; &amp; y) const;
@@ -27 +29 @@
-    void setMaxRange(double range);
+  void setMaxRange(double range);
@@ -29,3 +31,3 @@
-    // center_deg: FOV center angle (deg)
-    // width_deg : total FOV width (deg)
-    void setFov(double center_deg, double width_deg);
+  // center_deg: FOV center angle (deg)
+  // width_deg : total FOV width (deg)
+  void setFov(double center_deg, double width_deg);
@@ -33,3 +35,3 @@
-    // ---------------- Core filtering ----------------
-    std::vector&lt;Point3D&gt;
-    filterPoints(const std::vector&lt;Point3D&gt;&amp; points) const;
+  // ---------------- Core filtering ----------------
+  std::vector&lt;Point3D&gt;
+  filterPoints(const std::vector&lt;Point3D&gt; &amp; points) const;
@@ -37,2 +39,2 @@
-    sensor_msgs::msg::PointCloud2
-    filterPointCloud(const sensor_msgs::msg::PointCloud2&amp; cloud) const;
+  sensor_msgs::msg::PointCloud2
+  filterPointCloud(const sensor_msgs::msg::PointCloud2 &amp; cloud) const;
@@ -41,3 +43,3 @@
-    // ---------------- Geometry helpers ----------------
-    bool rayCasting(double x, double y) const;
-    bool inFov(double x, double y) const;
+  // ---------------- Geometry helpers ----------------
+  bool rayCasting(double x, double y) const;
+  bool inFov(double x, double y) const;
@@ -45,3 +47,3 @@
-    // index-based filtering (CRITICAL for PointCloud2 correctness)
-    std::vector&lt;size_t&gt;
-    filterPointIndices(const std::vector&lt;Point3D&gt;&amp; points) const;
+  // index-based filtering (CRITICAL for PointCloud2 correctness)
+  std::vector&lt;size_t&gt;
+  filterPointIndices(const std::vector&lt;Point3D&gt; &amp; points) const;
@@ -49,3 +51,3 @@
-    // ---------------- Parameters ----------------
-    std::vector&lt;double&gt; polygon_x_;
-    std::vector&lt;double&gt; polygon_y_;
+  // ---------------- Parameters ----------------
+  std::vector&lt;double&gt; polygon_x_;
+  std::vector&lt;double&gt; polygon_y_;
@@ -53,2 +55,2 @@
-    double max_range_;
-    double max_range_sq_;
+  double max_range_;
+  double max_range_sq_;
@@ -56,2 +58,2 @@
-    double fov_center_rad_;
-    double fov_half_width_rad_;
+  double fov_center_rad_;
+  double fov_half_width_rad_;

Code style divergence in file 'include/andromeda_proximity_filter/proximity_filter_node.hpp':

--- include/andromeda_proximity_filter/proximity_filter_node.hpp
+++ include/andromeda_proximity_filter/proximity_filter_node.hpp.uncrustify
@@ -15 +15 @@
-    ProximityFilterNode();
+  ProximityFilterNode();
@@ -18 +18 @@
-    void pointcloudCallback(const sensor_msgs::msg::PointCloud2::SharedPtr msg);
+  void pointcloudCallback(const sensor_msgs::msg::PointCloud2::SharedPtr msg);
@@ -20 +20 @@
-    ProximityFilterLib filter_lib_;
+  ProximityFilterLib filter_lib_;
@@ -22,3 +22,3 @@
-    rclcpp::Subscription&lt;sensor_msgs::msg::PointCloud2&gt;::SharedPtr subscription_;
-    rclcpp::Publisher&lt;sensor_msgs::msg::PointCloud2&gt;::SharedPtr filtered_pub_;
-    rclcpp::Publisher&lt;geometry_msgs::msg::PolygonStamped&gt;::SharedPtr polygon_pub_;
+  rclcpp::Subscription&lt;sensor_msgs::msg::PointCloud2&gt;::SharedPtr subscription_;
+  rclcpp::Publisher&lt;sensor_msgs::msg::PointCloud2&gt;::SharedPtr filtered_pub_;
+  rclcpp::Publisher&lt;geometry_msgs::msg::PolygonStamped&gt;::SharedPtr polygon_pub_;
@@ -26 +26 @@
-    rclcpp::Time last_processed_time_;
+  rclcpp::Time last_processed_time_;
@@ -28 +28 @@
-    rclcpp::node_interfaces::OnSetParametersCallbackHandle::SharedPtr param_handle_;
+  rclcpp::node_interfaces::OnSetParametersCallbackHandle::SharedPtr param_handle_;

Code style divergence in file 'src/main.cpp':

--- src/main.cpp
+++ src/main.cpp.uncrustify
@@ -4 +4 @@
-int main(int argc, char** argv)
+int main(int argc, char ** argv)
@@ -6,4 +6,4 @@
-    rclcpp::init(argc, argv);
-    rclcpp::spin(std::make_shared&lt;ProximityFilterNode&gt;());
-    rclcpp::shutdown();
-    return 0;
+  rclcpp::init(argc, argv);
+  rclcpp::spin(std::make_shared&lt;ProximityFilterNode&gt;());
+  rclcpp::shutdown();
+  return 0;

Code style divergence in file 'src/proximity_filter_lib.cpp':

--- src/proximity_filter_lib.cpp
+++ src/proximity_filter_lib.cpp.uncrustify
@@ -10,4 +10,4 @@
-    : max_range_(1.5),
-      max_range_sq_(1.5 * 1.5),
-      fov_center_rad_(0.0),
-      fov_half_width_rad_(M_PI)
+: max_range_(1.5),
+  max_range_sq_(1.5 * 1.5),
+  fov_center_rad_(0.0),
+  fov_half_width_rad_(M_PI)
@@ -15,3 +15,3 @@
-    // Default hexagon body footprint
-    polygon_x_ = { 0.5,  0.25, -0.25, -0.5, -0.25,  0.25 };
-    polygon_y_ = { 0.0,  0.433, 0.433, 0.0, -0.433, -0.433 };
+  // Default hexagon body footprint
+  polygon_x_ = {0.5, 0.25, -0.25, -0.5, -0.25, 0.25};
+  polygon_y_ = {0.0, 0.433, 0.433, 0.0, -0.433, -0.433};
@@ -23,2 +23,3 @@
-void ProximityFilterLib::setPolygon(const std::vector&lt;double&gt;&amp; x,
-                                   const std::vector&lt;double&gt;&amp; y)
+void ProximityFilterLib::setPolygon(
+  const std::vector&lt;double&gt; &amp; x,
+  const std::vector&lt;double&gt; &amp; y)
@@ -26,2 +27,2 @@
-    polygon_x_ = x;
-    polygon_y_ = y;
+  polygon_x_ = x;
+  polygon_y_ = y;
@@ -30,2 +31,3 @@
-void ProximityFilterLib::getPolygon(std::vector&lt;double&gt;&amp; x,
-                                   std::vector&lt;double&gt;&amp; y) const
+void ProximityFilterLib::getPolygon(
+  std::vector&lt;double&gt; &amp; x,
+  std::vector&lt;double&gt; &amp; y) const
@@ -33,2 +35,2 @@
-    x = polygon_x_;
-    y = polygon_y_;
+  x = polygon_x_;
+  y = polygon_y_;
@@ -39,2 +41,2 @@
-    max_range_ = range;
-    max_range_sq_ = range * range;
+  max_range_ = range;
+  max_range_sq_ = range * range;
@@ -45,2 +47,2 @@
-    fov_center_rad_     = center_deg * M_PI / 180.0;
-    fov_half_width_rad_ = (width_deg * M_PI / 180.0) * 0.5;
+  fov_center_rad_ = center_deg * M_PI / 180.0;
+  fov_half_width_rad_ = (width_deg * M_PI / 180.0) * 0.5;
@@ -54,2 +56,2 @@
-    bool inside = false;
-    const size_t n = polygon_x_.size();
+  bool inside = false;
+  const size_t n = polygon_x_.size();
@@ -57,5 +59,5 @@
-    for (size_t i = 0, j = n - 1; i &lt; n; j = i++) {
-        double x1 = polygon_x_[i];
-        double y1 = polygon_y_[i];
-        double x2 = polygon_x_[j];
-        double y2 = polygon_y_[j];
+  for (size_t i = 0, j = n - 1; i &lt; n; j = i++) {
+    double x1 = polygon_x_[i];
+    double y1 = polygon_y_[i];
+    double x2 = polygon_x_[j];
+    double y2 = polygon_y_[j];
@@ -63 +65 @@
-        if (y1 == y2) continue;
+    if (y1 == y2) {continue;}
@@ -65,2 +67,2 @@
-        bool crosses = ((y1 &gt; y) != (y2 &gt; y));
-        if (!crosses) continue;
+    bool crosses = ((y1 &gt; y) != (y2 &gt; y));
+    if (!crosses) {continue;}
@@ -68,2 +70,2 @@
-        double x_intersect =
-            x1 + (x2 - x1) * (y - y1) / (y2 - y1);
+    double x_intersect =
+      x1 + (x2 - x1) * (y - y1) / (y2 - y1);
@@ -71,3 +73,2 @@
-        if (x &lt; x_intersect) {
-            inside = !inside;
-        }
+    if (x &lt; x_intersect) {
+      inside = !inside;
@@ -74,0 +76 @@
+  }
@@ -76,3 +78,3 @@
-    // Treat edge points as "inside body" → filtered out
-    for (size_t i = 0; i &lt; n; ++i) {
-        size_t j = (i + 1) % n;
+  // Treat edge points as "inside body" → filtered out
+  for (size_t i = 0; i &lt; n; ++i) {
+    size_t j = (i + 1) % n;
@@ -80,4 +82,4 @@
-        double x1 = polygon_x_[i];
-        double y1 = polygon_y_[i];
-        double x2 = polygon_x_[j];
-        double y2 = polygon_y_[j];
+    double x1 = polygon_x_[i];
+    double y1 = polygon_y_[i];
+    double x2 = polygon_x_[j];
+    double y2 = polygon_y_[j];
@@ -85,2 +87,2 @@
-        double dx = x - x1;
-        double dy = y - y1;
+    double dx = x - x1;
+    double dy = y - y1;
@@ -88,2 +90,2 @@
-        double dx_edge = x2 - x1;
-        double dy_edge = y2 - y1;
+    double dx_edge = x2 - x1;
+    double dy_edge = y2 - y1;
@@ -91,8 +93,7 @@
-        double cross = dx * dy_edge - dy * dx_edge;
-        if (std::fabs(cross) &lt; 1e-6) {
-            double dot = dx * dx_edge + dy * dy_edge;
-            double len_sq = dx_edge * dx_edge + dy_edge * dy_edge;
-            if (dot &gt;= 0 &amp;&amp; dot &lt;= len_sq) {
-                return true;
-            }
-        }
+    double cross = dx * dy_edge - dy * dx_edge;
+    if (std::fabs(cross) &lt; 1e-6) {
+      double dot = dx * dx_edge + dy * dy_edge;
+      double len_sq = dx_edge * dx_edge + dy_edge * dy_edge;
+      if (dot &gt;= 0 &amp;&amp; dot &lt;= len_sq) {
+        return true;
+      }
@@ -99,0 +101 @@
+  }
@@ -101 +103 @@
-    return inside;
+  return inside;
@@ -106,2 +108,2 @@
-    double angle = std::atan2(y, x);
-    double diff  = angle - fov_center_rad_;
+  double angle = std::atan2(y, x);
+  double diff = angle - fov_center_rad_;
@@ -109,2 +111,2 @@
-    while (diff &gt; M_PI)  diff -= 2.0 * M_PI;
-    while (diff &lt; -M_PI) diff += 2.0 * M_PI;
+  while (diff &gt; M_PI) {diff -= 2.0 * M_PI;}
+  while (diff &lt; -M_PI) {diff += 2.0 * M_PI;}
@@ -112 +114 @@
-    return std::fabs(diff) &lt;= fov_half_width_rad_;
+  return std::fabs(diff) &lt;= fov_half_width_rad_;
@@ -120 +122 @@
-    const std::vector&lt;Point3D&gt;&amp; points) const
+  const std::vector&lt;Point3D&gt; &amp; points) const
@@ -122,2 +124,2 @@
-    std::vector&lt;size_t&gt; indices;
-    indices.reserve(points.size());
+  std::vector&lt;size_t&gt; indices;
+  indices.reserve(points.size());
@@ -125,2 +127,2 @@
-    for (size_t i = 0; i &lt; points.size(); ++i) {
-        const auto&amp; p = points[i];
+  for (size_t i = 0; i &lt; points.size(); ++i) {
+    const auto &amp; p = points[i];
@@ -128,3 +130,3 @@
-        if ((p.x * p.x + p.y * p.y + p.z * p.z) &gt; max_range_sq_) continue;
-        if (!inFov(p.x, p.y)) continue;
-        if (rayCasting(p.x, p.y)) continue;
+    if ((p.x * p.x + p.y * p.y + p.z * p.z) &gt; max_range_sq_) {continue;}
+    if (!inFov(p.x, p.y)) {continue;}
+    if (rayCasting(p.x, p.y)) {continue;}
@@ -132,3 +134,3 @@
-        indices.push_back(i);
-    }
-    return indices;
+    indices.push_back(i);
+  }
+  return indices;
@@ -139 +141 @@
-    const std::vector&lt;Point3D&gt;&amp; points) const
+  const std::vector&lt;Point3D&gt; &amp; points) const
@@ -141,2 +143,2 @@
-    std::vector&lt;Point3D&gt; result;
-    auto indices = filterPointIndices(points);
+  std::vector&lt;Point3D&gt; result;
+  auto indices = filterPointIndices(points);
@@ -144,5 +146,5 @@
-    result.reserve(indices.size());
-    for (auto idx : indices) {
-        result.push_back(points[idx]);
-    }
-    return result;
+  result.reserve(indices.size());
+  for (auto idx : indices) {
+    result.push_back(points[idx]);
+  }
+  return result;
@@ -156 +158 @@
-    const sensor_msgs::msg::PointCloud2&amp; cloud) const
+  const sensor_msgs::msg::PointCloud2 &amp; cloud) const
@@ -158,4 +160,4 @@
-    sensor_msgs::msg::PointCloud2 filtered = cloud;
-    filtered.data.clear();
-    filtered.width  = 0;
-    filtered.height = 1;
+  sensor_msgs::msg::PointCloud2 filtered = cloud;
+  filtered.data.clear();
+  filtered.width = 0;
+  filtered.height = 1;
@@ -163,9 +165,9 @@
-    int x_off = -1, y_off = -1, z_off = -1;
-    for (const auto&amp; f : cloud.fields) {
-        if (f.name == "x") x_off = f.offset;
-        if (f.name == "y") y_off = f.offset;
-        if (f.name == "z") z_off = f.offset;
-    }
-    if (x_off &lt; 0 || y_off &lt; 0 || z_off &lt; 0) {
-        return filtered;
-    }
+  int x_off = -1, y_off = -1, z_off = -1;
+  for (const auto &amp; f : cloud.fields) {
+    if (f.name == "x") {x_off = f.offset;}
+    if (f.name == "y") {y_off = f.offset;}
+    if (f.name == "z") {z_off = f.offset;}
+  }
+  if (x_off &lt; 0 || y_off &lt; 0 || z_off &lt; 0) {
+    return filtered;
+  }
@@ -173,2 +175,2 @@
-    const size_t point_step = cloud.point_step;
-    const size_t num_points = cloud.width * cloud.height;
+  const size_t point_step = cloud.point_step;
+  const size_t num_points = cloud.width * cloud.height;
@@ -176,2 +178,2 @@
-    std::vector&lt;Point3D&gt; points;
-    points.reserve(num_points);
+  std::vector&lt;Point3D&gt; points;
+  points.reserve(num_points);
@@ -179,7 +181,7 @@
-    for (size_t i = 0; i &lt; num_points; ++i) {
-        const uint8_t* ptr = &amp;cloud.data[i * point_step];
-        float x = *reinterpret_cast&lt;const float*&gt;(ptr + x_off);
-        float y = *reinterpret_cast&lt;const float*&gt;(ptr + y_off);
-        float z = *reinterpret_cast&lt;const float*&gt;(ptr + z_off);
-        points.push_back({x, y, z});
-    }
+  for (size_t i = 0; i &lt; num_points; ++i) {
+    const uint8_t * ptr = &amp;cloud.data[i * point_step];
+    float x = *reinterpret_cast&lt;const float *&gt;(ptr + x_off);
+    float y = *reinterpret_cast&lt;const float *&gt;(ptr + y_off);
+    float z = *reinterpret_cast&lt;const float *&gt;(ptr + z_off);
+    points.push_back({x, y, z});
+  }
@@ -187 +189 @@
-    auto indices = filterPointIndices(points);
+  auto indices = filterPointIndices(points);
@@ -189,5 +191,5 @@
-    for (auto idx : indices) {
-        const uint8_t* ptr = &amp;cloud.data[idx * point_step];
-        filtered.data.insert(filtered.data.end(), ptr, ptr + point_step);
-        filtered.width++;
-    }
+  for (auto idx : indices) {
+    const uint8_t * ptr = &amp;cloud.data[idx * point_step];
+    filtered.data.insert(filtered.data.end(), ptr, ptr + point_step);
+    filtered.width++;
+  }
@@ -195,2 +197,2 @@
-    filtered.row_step = filtered.width * point_step;
-    return filtered;
+  filtered.row_step = filtered.width * point_step;
+  return filtered;

Code style divergence in file 'src/proximity_filter_node.cpp':

--- src/proximity_filter_node.cpp
+++ src/proximity_filter_node.cpp.uncrustify
@@ -4 +4 @@
-    : Node("proximity_filter")
+: Node("proximity_filter")
@@ -6,9 +6,11 @@
-    // Parameters initialisation
-    this-&gt;declare_parameter&lt;std::vector&lt;double&gt;&gt;("polygon_x", {0.5,0.25,-0.25,-0.5,-0.25,0.25});
-    this-&gt;declare_parameter&lt;std::vector&lt;double&gt;&gt;("polygon_y", {0.0,0.433,0.433,0.0,-0.433,-0.433});
-    this-&gt;declare_parameter&lt;double&gt;("max_range", 1.5);
-    this-&gt;declare_parameter&lt;double&gt;("fov_center_deg", 0.0);
-    this-&gt;declare_parameter&lt;double&gt;("fov_width_deg", 180.0);
-    this-&gt;declare_parameter&lt;std::string&gt;("input_topic", "/points/raw");
-    this-&gt;declare_parameter&lt;std::string&gt;("output_topic", "/points/filtered");
-    this-&gt;declare_parameter&lt;std::string&gt;("polygon_topic", "/points/filter_polygon");
+  // Parameters initialisation
+  this-&gt;declare_parameter&lt;std::vector&lt;double&gt;&gt;("polygon_x", {0.5, 0.25, -0.25, -0.5, -0.25, 0.25});
+  this-&gt;declare_parameter&lt;std::vector&lt;double&gt;&gt;(
+    "polygon_y",
+    {0.0, 0.433, 0.433, 0.0, -0.433, -0.433});
+  this-&gt;declare_parameter&lt;double&gt;("max_range", 1.5);
+  this-&gt;declare_parameter&lt;double&gt;("fov_center_deg", 0.0);
+  this-&gt;declare_parameter&lt;double&gt;("fov_width_deg", 180.0);
+  this-&gt;declare_parameter&lt;std::string&gt;("input_topic", "/points/raw");
+  this-&gt;declare_parameter&lt;std::string&gt;("output_topic", "/points/filtered");
+  this-&gt;declare_parameter&lt;std::string&gt;("polygon_topic", "/points/filter_polygon");
@@ -16,3 +18,3 @@
-    rcl_interfaces::msg::ParameterDescriptor rate_desc;
-    rate_desc.description = "Processing frequency in Hz";
-    this-&gt;declare_parameter&lt;int&gt;("subscription_rate", 20, rate_desc);
+  rcl_interfaces::msg::ParameterDescriptor rate_desc;
+  rate_desc.description = "Processing frequency in Hz";
+  this-&gt;declare_parameter&lt;int&gt;("subscription_rate", 20, rate_desc);
@@ -20,5 +22,5 @@
-    // Subscription
-    subscription_ = this-&gt;create_subscription&lt;sensor_msgs::msg::PointCloud2&gt;(
-        this-&gt;get_parameter("input_topic").as_string(),
-        rclcpp::SensorDataQoS(),
-        std::bind(&amp;ProximityFilterNode::pointcloudCallback, this, std::placeholders::_1));
+  // Subscription
+  subscription_ = this-&gt;create_subscription&lt;sensor_msgs::msg::PointCloud2&gt;(
+    this-&gt;get_parameter("input_topic").as_string(),
+    rclcpp::SensorDataQoS(),
+    std::bind(&amp;ProximityFilterNode::pointcloudCallback, this, std::placeholders::_1));
@@ -26 +28 @@
-    // Publishers
+  // Publishers
@@ -28,13 +30,6 @@
-    // Filtered point cloud publisher
-    // Use a queue size of 10 and Reliable QoS to ensure that all filtered points
-    // are delivered to subscribers. Reliability is important for downstream processing
-    // where missing points could affect algorithms.
-    filtered_pub_ = this-&gt;create_publisher&lt;sensor_msgs::msg::PointCloud2&gt;(
-        this-&gt;get_parameter("output_topic").as_string(), rclcpp::QoS(10).reliable());
-    
-    // Polygon publisher
-    // Use a queue size of 1 and Transient Local QoS so that any new subscribers
-    // immediately receive the latest polygon, even if it was published before
-    // they connected. This is suitable for low-frequency configuration or visualization data.
-    polygon_pub_ = this-&gt;create_publisher&lt;geometry_msgs::msg::PolygonStamped&gt;(
-        this-&gt;get_parameter("polygon_topic").as_string(), rclcpp::QoS(1).transient_local());
+  // Filtered point cloud publisher
+  // Use a queue size of 10 and Reliable QoS to ensure that all filtered points
+  // are delivered to subscribers. Reliability is important for downstream processing
+  // where missing points could affect algorithms.
+  filtered_pub_ = this-&gt;create_publisher&lt;sensor_msgs::msg::PointCloud2&gt;(
+    this-&gt;get_parameter("output_topic").as_string(), rclcpp::QoS(10).reliable());
@@ -42 +37,6 @@
-    last_processed_time_ = this-&gt;now();
+  // Polygon publisher
+  // Use a queue size of 1 and Transient Local QoS so that any new subscribers
+  // immediately receive the latest polygon, even if it was published before
+  // they connected. This is suitable for low-frequency configuration or visualization data.
+  polygon_pub_ = this-&gt;create_publisher&lt;geometry_msgs::msg::PolygonStamped&gt;(
+    this-&gt;get_parameter("polygon_topic").as_string(), rclcpp::QoS(1).transient_local());
@@ -44,8 +44,11 @@
-    param_handle_ = this-&gt;add_on_set_parameters_callback(
-    [this](const std::vector&lt;rclcpp::Parameter&gt;&amp; params){
-        bool updated = false;
-        for (const auto&amp; p : params) {
-            if (p.get_name() == "polygon_x" || p.get_name() == "polygon_y" ||
-                p.get_name() == "max_range" || p.get_name() == "fov_center_deg" || p.get_name() == "fov_width_deg") {
-                updated = true;
-            }
+  last_processed_time_ = this-&gt;now();
+
+  param_handle_ = this-&gt;add_on_set_parameters_callback(
+    [this](const std::vector&lt;rclcpp::Parameter&gt; &amp; params) {
+      bool updated = false;
+      for (const auto &amp; p : params) {
+        if (p.get_name() == "polygon_x" || p.get_name() == "polygon_y" ||
+        p.get_name() == "max_range" || p.get_name() == "fov_center_deg" ||
+        p.get_name() == "fov_width_deg")
+        {
+          updated = true;
@@ -53,9 +56,12 @@
-        if (updated) {
-            // Live update
-            filter_lib_.setPolygon(this-&gt;get_parameter("polygon_x").as_double_array(),
-                                   this-&gt;get_parameter("polygon_y").as_double_array());
-            filter_lib_.setMaxRange(this-&gt;get_parameter("max_range").as_double());
-            filter_lib_.setFov(this-&gt;get_parameter("fov_center_deg").as_double(),
-                               this-&gt;get_parameter("fov_width_deg").as_double());
-            RCLCPP_INFO(this-&gt;get_logger(), "Parameters updated live.");
-        }
+      }
+      if (updated) {
+        // Live update
+        filter_lib_.setPolygon(
+          this-&gt;get_parameter("polygon_x").as_double_array(),
+          this-&gt;get_parameter("polygon_y").as_double_array());
+        filter_lib_.setMaxRange(this-&gt;get_parameter("max_range").as_double());
+        filter_lib_.setFov(
+          this-&gt;get_parameter("fov_center_deg").as_double(),
+          this-&gt;get_parameter("fov_width_deg").as_double());
+        RCLCPP_INFO(this-&gt;get_logger(), "Parameters updated live.");
+      }
@@ -63,3 +69,3 @@
-        rcl_interfaces::msg::SetParametersResult result;
-        result.successful = true;
-        return result;
+      rcl_interfaces::msg::SetParametersResult result;
+      result.successful = true;
+      return result;
@@ -69,2 +75 @@
-
-    RCLCPP_INFO(this-&gt;get_logger(), "ProximityFilterNode started");
+  RCLCPP_INFO(this-&gt;get_logger(), "ProximityFilterNode started");
@@ -76,6 +81,6 @@
-    // Throttle
-    int rate_hz = this-&gt;get_parameter("subscription_rate").as_int();
-    double min_dt = 1.0 / rate_hz;
-    rclcpp::Time now = this-&gt;now();
-    if ((now - last_processed_time_).seconds() &lt; min_dt) return;
-    last_processed_time_ = now;
+  // Throttle
+  int rate_hz = this-&gt;get_parameter("subscription_rate").as_int();
+  double min_dt = 1.0 / rate_hz;
+  rclcpp::Time now = this-&gt;now();
+  if ((now - last_processed_time_).seconds() &lt; min_dt) {return;}
+  last_processed_time_ = now;
@@ -83,6 +88,8 @@
-    // Update lib parameters
-    filter_lib_.setPolygon(this-&gt;get_parameter("polygon_x").as_double_array(),
-                           this-&gt;get_parameter("polygon_y").as_double_array());
-    filter_lib_.setMaxRange(this-&gt;get_parameter("max_range").as_double());
-    filter_lib_.setFov(this-&gt;get_parameter("fov_center_deg").as_double(),
-                       this-&gt;get_parameter("fov_width_deg").as_double());
+  // Update lib parameters
+  filter_lib_.setPolygon(
+    this-&gt;get_parameter("polygon_x").as_double_array(),
+    this-&gt;get_parameter("polygon_y").as_double_array());
+  filter_lib_.setMaxRange(this-&gt;get_parameter("max_range").as_double());
+  filter_lib_.setFov(
+    this-&gt;get_parameter("fov_center_deg").as_double(),
+    this-&gt;get_parameter("fov_width_deg").as_double());
@@ -90,11 +97,11 @@
-    // Publish polygon for visualization
-    std::vector&lt;double&gt; poly_x, poly_y;
-    filter_lib_.getPolygon(poly_x, poly_y);
-    geometry_msgs::msg::PolygonStamped poly_msg;
-    poly_msg.header = msg-&gt;header;
-    for (size_t i=0;i&lt;poly_x.size();++i){
-        geometry_msgs::msg::Point32 p;
-        p.x = poly_x[i]; p.y = poly_y[i]; p.z = 0.0f;
-        poly_msg.polygon.points.push_back(p);
-    }
-    polygon_pub_-&gt;publish(poly_msg);
+  // Publish polygon for visualization
+  std::vector&lt;double&gt; poly_x, poly_y;
+  filter_lib_.getPolygon(poly_x, poly_y);
+  geometry_msgs::msg::PolygonStamped poly_msg;
+  poly_msg.header = msg-&gt;header;
+  for (size_t i = 0; i &lt; poly_x.size(); ++i) {
+    geometry_msgs::msg::Point32 p;
+    p.x = poly_x[i]; p.y = poly_y[i]; p.z = 0.0f;
+    poly_msg.polygon.points.push_back(p);
+  }
+  polygon_pub_-&gt;publish(poly_msg);
@@ -102,3 +109,3 @@
-    // Filter point cloud
-    sensor_msgs::msg::PointCloud2 filtered = filter_lib_.filterPointCloud(*msg);
-    filtered_pub_-&gt;publish(filtered);
+  // Filter point cloud
+  sensor_msgs::msg::PointCloud2 filtered = filter_lib_.filterPointCloud(*msg);
+  filtered_pub_-&gt;publish(filtered);
@@ -106,3 +113,4 @@
-    RCLCPP_INFO_THROTTLE(this-&gt;get_logger(), *this-&gt;get_clock(), 2000,
-                          "Filtered cloud: %zu -&gt; %u points",
-                          msg-&gt;width*msg-&gt;height, filtered.width);
+  RCLCPP_INFO_THROTTLE(
+    this-&gt;get_logger(), *this-&gt;get_clock(), 2000,
+    "Filtered cloud: %zu -&gt; %u points",
+    msg-&gt;width * msg-&gt;height, filtered.width);

Code style divergence in file 'test/test_filter_lib.cpp':

--- test/test_filter_lib.cpp
+++ test/test_filter_lib.cpp.uncrustify
@@ -6 +6 @@
-    ProximityFilterLib filter;
+  ProximityFilterLib filter;
@@ -8,4 +8,4 @@
-    // square: (0,0) -&gt; (1,1)
-    filter.setPolygon({0, 1, 1, 0}, {0, 0, 1, 1});
-    filter.setMaxRange(2.0);
-    filter.setFov(0.0, 180.0);
+  // square: (0,0) -&gt; (1,1)
+  filter.setPolygon({0, 1, 1, 0}, {0, 0, 1, 1});
+  filter.setMaxRange(2.0);
+  filter.setFov(0.0, 180.0);
@@ -13,6 +13,6 @@
-    std::vector&lt;ProximityFilterLib::Point3D&gt; points = {
-        {0.5,  0.5, 0.0},  // inside polygon → filtered OUT
-        {1.5,  0.5, 0.0},  // outside polygon → kept
-        {0.2, -0.2, 0.0},  // outside polygon → kept
-        {2.0,  0.0, 0.0}   // on range boundary → kept
-    };
+  std::vector&lt;ProximityFilterLib::Point3D&gt; points = {
+    {0.5, 0.5, 0.0},       // inside polygon → filtered OUT
+    {1.5, 0.5, 0.0},       // outside polygon → kept
+    {0.2, -0.2, 0.0},      // outside polygon → kept
+    {2.0, 0.0, 0.0}        // on range boundary → kept
+  };
@@ -20 +20 @@
-    auto filtered = filter.filterPoints(points);
+  auto filtered = filter.filterPoints(points);
@@ -22 +22 @@
-    ASSERT_EQ(filtered.size(), 3);
+  ASSERT_EQ(filtered.size(), 3);
@@ -24,3 +24,3 @@
-    EXPECT_DOUBLE_EQ(filtered[0].x, 1.5);
-    EXPECT_DOUBLE_EQ(filtered[1].x, 0.2);
-    EXPECT_DOUBLE_EQ(filtered[2].x, 2.0);
+  EXPECT_DOUBLE_EQ(filtered[0].x, 1.5);
+  EXPECT_DOUBLE_EQ(filtered[1].x, 0.2);
+  EXPECT_DOUBLE_EQ(filtered[2].x, 2.0);

6 files with code style divergence
-- run_test.py: return code 1
-- run_test.py: verify result file '/mnt/c/Users/harry/ros_ws/build/andromeda_proximity_filter/test_results/andromeda_proximity_filter/uncrustify.xunit.xml'
</Value>
				</Measurement>
			</Results>
			<Labels>
				<Label>linter</Label>
				<Label>uncrustify</Label>
			</Labels>
		</Test>
		<Test Status="passed">
			<Name>xmllint</Name>
			<Path>.</Path>
			<FullName>./xmllint</FullName>
			<FullCommandLine>/usr/bin/python3 "-u" "/opt/ros/humble/share/ament_cmake_test/cmake/run_test.py" "/mnt/c/Users/harry/ros_ws/build/andromeda_proximity_filter/test_results/andromeda_proximity_filter/xmllint.xunit.xml" "--package-name" "andromeda_proximity_filter" "--output-file" "/mnt/c/Users/harry/ros_ws/build/andromeda_proximity_filter/ament_xmllint/xmllint.txt" "--command" "/opt/ros/humble/bin/ament_xmllint" "--xunit-file" "/mnt/c/Users/harry/ros_ws/build/andromeda_proximity_filter/test_results/andromeda_proximity_filter/xmllint.xunit.xml"</FullCommandLine>
			<Results>
				<NamedMeasurement type="numeric/double" name="Execution Time">
					<Value>1.00687</Value>
				</NamedMeasurement>
				<NamedMeasurement type="numeric/double" name="Processors">
					<Value>1</Value>
				</NamedMeasurement>
				<NamedMeasurement type="text/string" name="Completion Status">
					<Value>Completed</Value>
				</NamedMeasurement>
				<NamedMeasurement type="text/string" name="Command Line">
					<Value>/usr/bin/python3 "-u" "/opt/ros/humble/share/ament_cmake_test/cmake/run_test.py" "/mnt/c/Users/harry/ros_ws/build/andromeda_proximity_filter/test_results/andromeda_proximity_filter/xmllint.xunit.xml" "--package-name" "andromeda_proximity_filter" "--output-file" "/mnt/c/Users/harry/ros_ws/build/andromeda_proximity_filter/ament_xmllint/xmllint.txt" "--command" "/opt/ros/humble/bin/ament_xmllint" "--xunit-file" "/mnt/c/Users/harry/ros_ws/build/andromeda_proximity_filter/test_results/andromeda_proximity_filter/xmllint.xunit.xml"</Value>
				</NamedMeasurement>
				<NamedMeasurement type="text/string" name="Environment">
					<Value>#CTEST_RESOURCE_GROUP_COUNT=</Value>
				</NamedMeasurement>
				<Measurement>
					<Value>-- run_test.py: invoking following command in '/mnt/c/Users/harry/ros_ws/src/andromeda_proximity_filter':
 - /opt/ros/humble/bin/ament_xmllint --xunit-file /mnt/c/Users/harry/ros_ws/build/andromeda_proximity_filter/test_results/andromeda_proximity_filter/xmllint.xunit.xml
File 'package.xml' is valid

No problems found
-- run_test.py: return code 0
-- run_test.py: verify result file '/mnt/c/Users/harry/ros_ws/build/andromeda_proximity_filter/test_results/andromeda_proximity_filter/xmllint.xunit.xml'
</Value>
				</Measurement>
			</Results>
			<Labels>
				<Label>linter</Label>
				<Label>xmllint</Label>
			</Labels>
		</Test>
		<EndDateTime>Dec 17 14:29 AEDT</EndDateTime>
		<EndTestTime>1765942174</EndTestTime>
		<ElapsedMinutes>0</ElapsedMinutes>
	</Testing>
</Site>
