[0.062s] Invoking command in '/mnt/c/Users/harry/ros_ws/build/andromeda_proximity_filter': CMAKE_PREFIX_PATH=${CMAKE_PREFIX_PATH}:/opt/ros/humble /usr/bin/cmake /mnt/c/Users/harry/ros_ws/src/andromeda_proximity_filter -DCMAKE_INSTALL_PREFIX=/mnt/c/Users/harry/ros_ws/install/andromeda_proximity_filter
[0.426s] -- The C compiler identification is GNU 11.4.0
[1.259s] -- The CXX compiler identification is GNU 11.4.0
[1.765s] -- Detecting C compiler ABI info
[2.429s] -- Detecting C compiler ABI info - done
[2.450s] -- Check for working C compiler: /usr/bin/cc - skipped
[2.451s] -- Detecting C compile features
[2.452s] -- Detecting C compile features - done
[2.496s] -- Detecting CXX compiler ABI info
[3.035s] -- Detecting CXX compiler ABI info - done
[3.055s] -- Check for working CXX compiler: /usr/bin/c++ - skipped
[3.056s] -- Detecting CXX compile features
[3.056s] -- Detecting CXX compile features - done
[3.096s] -- Found ament_cmake: 1.3.12 (/opt/ros/humble/share/ament_cmake/cmake)
[3.217s] -- Found Python3: /usr/bin/python3 (found version "3.10.12") found components: Interpreter 
[3.368s] -- Found rclcpp: 16.0.16 (/opt/ros/humble/share/rclcpp/cmake)
[3.574s] -- Found rosidl_generator_c: 3.1.7 (/opt/ros/humble/share/rosidl_generator_c/cmake)
[3.579s] -- Found rosidl_adapter: 3.1.7 (/opt/ros/humble/share/rosidl_adapter/cmake)
[3.586s] -- Found rosidl_generator_cpp: 3.1.7 (/opt/ros/humble/share/rosidl_generator_cpp/cmake)
[3.598s] -- Using all available rosidl_typesupport_c: rosidl_typesupport_fastrtps_c;rosidl_typesupport_introspection_c
[3.614s] -- Using all available rosidl_typesupport_cpp: rosidl_typesupport_fastrtps_cpp;rosidl_typesupport_introspection_cpp
[3.656s] -- Found rmw_implementation_cmake: 6.1.2 (/opt/ros/humble/share/rmw_implementation_cmake/cmake)
[3.659s] -- Found rmw_fastrtps_cpp: 6.2.9 (/opt/ros/humble/share/rmw_fastrtps_cpp/cmake)
[5.546s] -- Found OpenSSL: /usr/lib/x86_64-linux-gnu/libcrypto.so (found version "3.0.2")  
[7.554s] -- Found FastRTPS: /opt/ros/humble/include  
[11.178s] -- Using RMW implementation 'rmw_fastrtps_cpp' as default
[11.239s] -- Looking for pthread.h
[11.910s] -- Looking for pthread.h - found
[11.921s] -- Performing Test CMAKE_HAVE_LIBC_PTHREAD
[12.442s] -- Performing Test CMAKE_HAVE_LIBC_PTHREAD - Success
[12.447s] -- Found Threads: TRUE  
[12.490s] -- Found sensor_msgs: 4.9.0 (/opt/ros/humble/share/sensor_msgs/cmake)
[12.515s] -- Found ament_lint_auto: 0.12.14 (/opt/ros/humble/share/ament_lint_auto/cmake)
[12.645s] -- Found GTest: /usr/lib/x86_64-linux-gnu/cmake/GTest/GTestConfig.cmake (found version "1.11.0")  
[13.030s] -- Added test 'cppcheck' to perform static code analysis on C / C++ code
[13.030s] -- Configured cppcheck include dirs: /mnt/c/Users/harry/ros_ws/src/andromeda_proximity_filter/include;$<BUILD_INTERFACE:/mnt/c/Users/harry/ros_ws/src/andromeda_proximity_filter/include>
[13.031s] -- Configured cppcheck exclude dirs and/or files: 
[13.065s] -- Added test 'flake8' to check Python code syntax and style conventions
[13.129s] -- Added test 'lint_cmake' to check CMake code style
[13.161s] -- Added test 'pep257' to check Python code against some of the docstring style conventions in PEP 257
[13.399s] -- Added test 'uncrustify' to check C / C++ code style
[13.400s] -- Configured uncrustify additional arguments: 
[13.438s] -- Added test 'xmllint' to check XML markup files
[13.537s] -- Configuring done
[13.918s] -- Generating done
[14.100s] -- Build files have been written to: /mnt/c/Users/harry/ros_ws/build/andromeda_proximity_filter
[14.109s] Invoked command in '/mnt/c/Users/harry/ros_ws/build/andromeda_proximity_filter' returned '0': CMAKE_PREFIX_PATH=${CMAKE_PREFIX_PATH}:/opt/ros/humble /usr/bin/cmake /mnt/c/Users/harry/ros_ws/src/andromeda_proximity_filter -DCMAKE_INSTALL_PREFIX=/mnt/c/Users/harry/ros_ws/install/andromeda_proximity_filter
[14.119s] Invoking command in '/mnt/c/Users/harry/ros_ws/build/andromeda_proximity_filter': CMAKE_PREFIX_PATH=${CMAKE_PREFIX_PATH}:/opt/ros/humble /usr/bin/cmake --build /mnt/c/Users/harry/ros_ws/build/andromeda_proximity_filter -- -j16 -l16
[14.262s] [ 14%] [32mBuilding CXX object CMakeFiles/proximity_filter_lib.dir/src/proximity_filter_lib.cpp.o[0m
[14.283s] [01m[K/mnt/c/Users/harry/ros_ws/src/andromeda_proximity_filter/src/proximity_filter_lib.cpp:1:10:[m[K [01;31m[Kfatal error: [m[Kandromeda_proximity_filter/proximity_filter_lib.hpp: No such file or directory
[14.284s]     1 | #include [01;31m[K"andromeda_proximity_filter/proximity_filter_lib.hpp"[m[K
[14.284s]       |          [01;31m[K^~~~~~~~~~~~~~~~~~~~~~~~~~~~~~~~~~~~~~~~~~~~~~~~~~~~~[m[K
[14.285s] compilation terminated.
[14.286s] gmake[2]: *** [CMakeFiles/proximity_filter_lib.dir/build.make:76: CMakeFiles/proximity_filter_lib.dir/src/proximity_filter_lib.cpp.o] Error 1
[14.286s] gmake[1]: *** [CMakeFiles/Makefile2:167: CMakeFiles/proximity_filter_lib.dir/all] Error 2
[14.287s] gmake: *** [Makefile:146: all] Error 2
[14.288s] Invoked command in '/mnt/c/Users/harry/ros_ws/build/andromeda_proximity_filter' returned '2': CMAKE_PREFIX_PATH=${CMAKE_PREFIX_PATH}:/opt/ros/humble /usr/bin/cmake --build /mnt/c/Users/harry/ros_ws/build/andromeda_proximity_filter -- -j16 -l16
