gmake[1]: Warning: File 'CMakeFiles/Makefile2' has modification time 0.11 s in the future
gmake[2]: Warning: File 'CMakeFiles/proximity_filter_lib.dir/progress.make' has modification time 0.061 s in the future
gmake[2]: warning:  Clock skew detected.  Your build may be incomplete.
gmake[2]: Warning: File 'CMakeFiles/proximity_filter_lib.dir/compiler_depend.make' has modification time 0.24 s in the future
gmake[2]: warning:  Clock skew detected.  Your build may be incomplete.
gmake[2]: Warning: File 'CMakeFiles/test_filter_lib.dir/compiler_depend.make' has modification time 0.29 s in the future
gmake[2]: Warning: File 'CMakeFiles/proximity_filter_node.dir/compiler_depend.make' has modification time 0.15 s in the future
In file included from [01m[K/mnt/c/Users/harry/ros_ws/src/andromeda_proximity_filter/src/proximity_filter_node.cpp:1[m[K:
[01m[K/mnt/c/Users/harry/ros_ws/src/andromeda_proximity_filter/include/andromeda_proximity_filter/proximity_filter_node.hpp:28:2:[m[K [01;31m[Kerror: [m[K#endif without #if
   28 | #[01;31m[Kendif[m[K
      |  [01;31m[K^~~~~[m[K
In file included from [01m[K/mnt/c/Users/harry/ros_ws/src/andromeda_proximity_filter/src/main.cpp:2[m[K:
[01m[K/mnt/c/Users/harry/ros_ws/src/andromeda_proximity_filter/include/andromeda_proximity_filter/proximity_filter_node.hpp:28:2:[m[K [01;31m[Kerror: [m[K#endif without #if
   28 | #[01;31m[Kendif[m[K
      |  [01;31m[K^~~~~[m[K
gmake[2]: warning:  Clock skew detected.  Your build may be incomplete.
In file included from [01m[K/opt/ros/humble/include/rclcpp/rclcpp/logging.hpp:24[m[K,
                 from [01m[K/opt/ros/humble/include/rclcpp/rclcpp/client.hpp:40[m[K,
                 from [01m[K/opt/ros/humble/include/rclcpp/rclcpp/callback_group.hpp:24[m[K,
                 from [01m[K/opt/ros/humble/include/rclcpp/rclcpp/any_executable.hpp:20[m[K,
                 from [01m[K/opt/ros/humble/include/rclcpp/rclcpp/memory_strategy.hpp:25[m[K,
                 from [01m[K/opt/ros/humble/include/rclcpp/rclcpp/memory_strategies.hpp:18[m[K,
                 from [01m[K/opt/ros/humble/include/rclcpp/rclcpp/executor_options.hpp:20[m[K,
                 from [01m[K/opt/ros/humble/include/rclcpp/rclcpp/executor.hpp:37[m[K,
                 from [01m[K/opt/ros/humble/include/rclcpp/rclcpp/executors/multi_threaded_executor.hpp:25[m[K,
                 from [01m[K/opt/ros/humble/include/rclcpp/rclcpp/executors.hpp:21[m[K,
                 from [01m[K/opt/ros/humble/include/rclcpp/rclcpp/rclcpp.hpp:155[m[K,
                 from [01m[K/mnt/c/Users/harry/ros_ws/src/andromeda_proximity_filter/include/andromeda_proximity_filter/proximity_filter_node.hpp:2[m[K,
                 from [01m[K/mnt/c/Users/harry/ros_ws/src/andromeda_proximity_filter/src/proximity_filter_node.cpp:1[m[K:
[01m[K/mnt/c/Users/harry/ros_ws/src/andromeda_proximity_filter/src/proximity_filter_node.cpp:[m[K In member function â€˜[01m[Kvoid ProximityFilterNode::pointcloudCallback(sensor_msgs::msg::PointCloud2_<std::allocator<void> >::SharedPtr)[m[Kâ€™:
[01m[K/mnt/c/Users/harry/ros_ws/src/andromeda_proximity_filter/src/proximity_filter_node.cpp:107:27:[m[K [01;35m[Kwarning: [m[Kformat â€˜[01m[K%zu[m[Kâ€™ expects argument of type â€˜[01m[Ksize_t[m[Kâ€™, but argument 5 has type â€˜[01m[Ksensor_msgs::msg::PointCloud2_<std::allocator<void> >::_width_type[m[Kâ€™ {aka â€˜[01m[Kunsigned int[m[Kâ€™} [[01;35m[K]8;;https://gcc.gnu.org/onlinedocs/gcc/Warning-Options.html#index-Wformat=-Wformat=]8;;[m[K]
  107 |                           [01;35m[K"Filtered cloud: %zu -> %u points"[m[K,
      |                           [01;35m[K^~~~~~~~~~~~~~~~~~~~~~~~~~~~~~~~~~[m[K
  108 |                           [32m[Kmsg->width*msg->height[m[K, filtered.width);
      |                           [32m[K~~~~~~~~~~~~~~~~~~~~~~[m[K
      |                                     [32m[K|[m[K
      |                                     [32m[Ksensor_msgs::msg::PointCloud2_<std::allocator<void> >::_width_type {aka unsigned int}[m[K
[01m[K/mnt/c/Users/harry/ros_ws/src/andromeda_proximity_filter/src/proximity_filter_node.cpp:107:46:[m[K [01;36m[Knote: [m[Kformat string is defined here
  107 |                           "Filtered cloud: [01;36m[K%zu[m[K -> %u points",
      |                                            [01;36m[K~~^[m[K
      |                                              [01;36m[K|[m[K
      |                                              [01;36m[Klong unsigned int[m[K
      |                                            [32m[K%u[m[K
gmake[2]: *** [CMakeFiles/proximity_filter_node.dir/build.make:90: CMakeFiles/proximity_filter_node.dir/src/main.cpp.o] Error 1
gmake[2]: *** Waiting for unfinished jobs....
gmake[2]: *** [CMakeFiles/proximity_filter_node.dir/build.make:76: CMakeFiles/proximity_filter_node.dir/src/proximity_filter_node.cpp.o] Error 1
gmake[1]: *** [CMakeFiles/Makefile2:193: CMakeFiles/proximity_filter_node.dir/all] Error 2
gmake: *** [Makefile:146: all] Error 2
