[0.078s] Invoking command in '/mnt/c/Users/harry/ros_ws/build/andromeda_proximity_filter': CMAKE_PREFIX_PATH=${CMAKE_PREFIX_PATH}:/opt/ros/humble /usr/bin/cmake --build /mnt/c/Users/harry/ros_ws/build/andromeda_proximity_filter -- -j16 -l16
[0.196s] -- Found ament_cmake: 1.3.12 (/opt/ros/humble/share/ament_cmake/cmake)
[0.356s] -- Found rclcpp: 16.0.16 (/opt/ros/humble/share/rclcpp/cmake)
[0.589s] -- Found rosidl_generator_c: 3.1.7 (/opt/ros/humble/share/rosidl_generator_c/cmake)
[0.592s] -- Found rosidl_adapter: 3.1.7 (/opt/ros/humble/share/rosidl_adapter/cmake)
[0.600s] -- Found rosidl_generator_cpp: 3.1.7 (/opt/ros/humble/share/rosidl_generator_cpp/cmake)
[0.616s] -- Using all available rosidl_typesupport_c: rosidl_typesupport_fastrtps_c;rosidl_typesupport_introspection_c
[0.632s] -- Using all available rosidl_typesupport_cpp: rosidl_typesupport_fastrtps_cpp;rosidl_typesupport_introspection_cpp
[0.678s] -- Found rmw_implementation_cmake: 6.1.2 (/opt/ros/humble/share/rmw_implementation_cmake/cmake)
[0.684s] -- Found rmw_fastrtps_cpp: 6.2.9 (/opt/ros/humble/share/rmw_fastrtps_cpp/cmake)
[8.282s] -- Using RMW implementation 'rmw_fastrtps_cpp' as default
[8.334s] -- Found sensor_msgs: 4.9.0 (/opt/ros/humble/share/sensor_msgs/cmake)
[8.362s] -- Found ament_lint_auto: 0.12.14 (/opt/ros/humble/share/ament_lint_auto/cmake)
[8.658s] -- Added test 'copyright' to check source files copyright and LICENSE
[8.921s] -- Added test 'cppcheck' to perform static code analysis on C / C++ code
[8.922s] -- Configured cppcheck include dirs: /mnt/c/Users/harry/ros_ws/src/andromeda_proximity_filter/include;$<BUILD_INTERFACE:/mnt/c/Users/harry/ros_ws/src/andromeda_proximity_filter/include>
[8.923s] -- Configured cppcheck exclude dirs and/or files: 
[9.206s] -- Added test 'cpplint' to check C / C++ code against the Google style
[9.206s] -- Configured cpplint exclude dirs and/or files: 
[9.250s] -- Added test 'flake8' to check Python code syntax and style conventions
[9.313s] -- Added test 'lint_cmake' to check CMake code style
[9.348s] -- Added test 'pep257' to check Python code against some of the docstring style conventions in PEP 257
[9.630s] -- Added test 'uncrustify' to check C / C++ code style
[9.631s] -- Configured uncrustify additional arguments: 
[9.662s] -- Added test 'xmllint' to check XML markup files
[9.713s] -- Configuring done
[10.076s] -- Generating done
[10.270s] -- Build files have been written to: /mnt/c/Users/harry/ros_ws/build/andromeda_proximity_filter
[10.301s] gmake[1]: Warning: File 'CMakeFiles/Makefile2' has modification time 0.11 s in the future
[10.311s] gmake[2]: Warning: File 'CMakeFiles/proximity_filter_lib.dir/progress.make' has modification time 0.061 s in the future
[10.330s] [35m[1mConsolidate compiler generated dependencies of target proximity_filter_lib[0m
[10.441s] gmake[2]: warning:  Clock skew detected.  Your build may be incomplete.
[10.454s] gmake[2]: Warning: File 'CMakeFiles/proximity_filter_lib.dir/compiler_depend.make' has modification time 0.24 s in the future
[10.475s] [ 14%] [32mBuilding CXX object CMakeFiles/proximity_filter_lib.dir/src/proximity_filter_lib.cpp.o[0m
[11.521s] [ 28%] [32m[1mLinking CXX static library libproximity_filter_lib.a[0m
[11.649s] gmake[2]: warning:  Clock skew detected.  Your build may be incomplete.
[11.665s] [ 28%] Built target proximity_filter_lib
[11.698s] [35m[1mConsolidate compiler generated dependencies of target test_filter_lib[0m
[11.704s] [35m[1mConsolidate compiler generated dependencies of target proximity_filter_node[0m
[11.854s] gmake[2]: Warning: File 'CMakeFiles/test_filter_lib.dir/compiler_depend.make' has modification time 0.29 s in the future
[11.875s] [ 42%] [32mBuilding CXX object CMakeFiles/test_filter_lib.dir/test/test_filter_lib.cpp.o[0m
[12.079s] gmake[2]: Warning: File 'CMakeFiles/proximity_filter_node.dir/compiler_depend.make' has modification time 0.15 s in the future
[12.104s] [ 71%] [32mBuilding CXX object CMakeFiles/proximity_filter_node.dir/src/proximity_filter_node.cpp.o[0m
[12.107s] [ 71%] [32mBuilding CXX object CMakeFiles/proximity_filter_node.dir/src/main.cpp.o[0m
[12.693s] In file included from [01m[K/mnt/c/Users/harry/ros_ws/src/andromeda_proximity_filter/src/proximity_filter_node.cpp:1[m[K:
[12.693s] [01m[K/mnt/c/Users/harry/ros_ws/src/andromeda_proximity_filter/include/andromeda_proximity_filter/proximity_filter_node.hpp:28:2:[m[K [01;31m[Kerror: [m[K#endif without #if
[12.694s]    28 | #[01;31m[Kendif[m[K
[12.695s]       |  [01;31m[K^~~~~[m[K
[12.697s] In file included from [01m[K/mnt/c/Users/harry/ros_ws/src/andromeda_proximity_filter/src/main.cpp:2[m[K:
[12.697s] [01m[K/mnt/c/Users/harry/ros_ws/src/andromeda_proximity_filter/include/andromeda_proximity_filter/proximity_filter_node.hpp:28:2:[m[K [01;31m[Kerror: [m[K#endif without #if
[12.698s]    28 | #[01;31m[Kendif[m[K
[12.698s]       |  [01;31m[K^~~~~[m[K
[13.049s] [ 85%] [32m[1mLinking CXX executable test_filter_lib[0m
[13.676s] gmake[2]: warning:  Clock skew detected.  Your build may be incomplete.
[13.694s] [ 85%] Built target test_filter_lib
[14.680s] In file included from [01m[K/opt/ros/humble/include/rclcpp/rclcpp/logging.hpp:24[m[K,
[14.681s]                  from [01m[K/opt/ros/humble/include/rclcpp/rclcpp/client.hpp:40[m[K,
[14.681s]                  from [01m[K/opt/ros/humble/include/rclcpp/rclcpp/callback_group.hpp:24[m[K,
[14.682s]                  from [01m[K/opt/ros/humble/include/rclcpp/rclcpp/any_executable.hpp:20[m[K,
[14.682s]                  from [01m[K/opt/ros/humble/include/rclcpp/rclcpp/memory_strategy.hpp:25[m[K,
[14.683s]                  from [01m[K/opt/ros/humble/include/rclcpp/rclcpp/memory_strategies.hpp:18[m[K,
[14.683s]                  from [01m[K/opt/ros/humble/include/rclcpp/rclcpp/executor_options.hpp:20[m[K,
[14.684s]                  from [01m[K/opt/ros/humble/include/rclcpp/rclcpp/executor.hpp:37[m[K,
[14.685s]                  from [01m[K/opt/ros/humble/include/rclcpp/rclcpp/executors/multi_threaded_executor.hpp:25[m[K,
[14.686s]                  from [01m[K/opt/ros/humble/include/rclcpp/rclcpp/executors.hpp:21[m[K,
[14.686s]                  from [01m[K/opt/ros/humble/include/rclcpp/rclcpp/rclcpp.hpp:155[m[K,
[14.687s]                  from [01m[K/mnt/c/Users/harry/ros_ws/src/andromeda_proximity_filter/include/andromeda_proximity_filter/proximity_filter_node.hpp:2[m[K,
[14.687s]                  from [01m[K/mnt/c/Users/harry/ros_ws/src/andromeda_proximity_filter/src/proximity_filter_node.cpp:1[m[K:
[14.688s] [01m[K/mnt/c/Users/harry/ros_ws/src/andromeda_proximity_filter/src/proximity_filter_node.cpp:[m[K In member function â€˜[01m[Kvoid ProximityFilterNode::pointcloudCallback(sensor_msgs::msg::PointCloud2_<std::allocator<void> >::SharedPtr)[m[Kâ€™:
[14.688s] [01m[K/mnt/c/Users/harry/ros_ws/src/andromeda_proximity_filter/src/proximity_filter_node.cpp:107:27:[m[K [01;35m[Kwarning: [m[Kformat â€˜[01m[K%zu[m[Kâ€™ expects argument of type â€˜[01m[Ksize_t[m[Kâ€™, but argument 5 has type â€˜[01m[Ksensor_msgs::msg::PointCloud2_<std::allocator<void> >::_width_type[m[Kâ€™ {aka â€˜[01m[Kunsigned int[m[Kâ€™} [[01;35m[K]8;;https://gcc.gnu.org/onlinedocs/gcc/Warning-Options.html#index-Wformat=-Wformat=]8;;[m[K]
[14.688s]   107 |                           [01;35m[K"Filtered cloud: %zu -> %u points"[m[K,
[14.689s]       |                           [01;35m[K^~~~~~~~~~~~~~~~~~~~~~~~~~~~~~~~~~[m[K
[14.689s]   108 |                           [32m[Kmsg->width*msg->height[m[K, filtered.width);
[14.690s]       |                           [32m[K~~~~~~~~~~~~~~~~~~~~~~[m[K
[14.691s]       |                                     [32m[K|[m[K
[14.691s]       |                                     [32m[Ksensor_msgs::msg::PointCloud2_<std::allocator<void> >::_width_type {aka unsigned int}[m[K
[14.692s] [01m[K/mnt/c/Users/harry/ros_ws/src/andromeda_proximity_filter/src/proximity_filter_node.cpp:107:46:[m[K [01;36m[Knote: [m[Kformat string is defined here
[14.693s]   107 |                           "Filtered cloud: [01;36m[K%zu[m[K -> %u points",
[14.693s]       |                                            [01;36m[K~~^[m[K
[14.694s]       |                                              [01;36m[K|[m[K
[14.695s]       |                                              [01;36m[Klong unsigned int[m[K
[14.695s]       |                                            [32m[K%u[m[K
[15.059s] gmake[2]: *** [CMakeFiles/proximity_filter_node.dir/build.make:90: CMakeFiles/proximity_filter_node.dir/src/main.cpp.o] Error 1
[15.061s] gmake[2]: *** Waiting for unfinished jobs....
[16.769s] gmake[2]: *** [CMakeFiles/proximity_filter_node.dir/build.make:76: CMakeFiles/proximity_filter_node.dir/src/proximity_filter_node.cpp.o] Error 1
[16.771s] gmake[1]: *** [CMakeFiles/Makefile2:193: CMakeFiles/proximity_filter_node.dir/all] Error 2
[16.772s] gmake: *** [Makefile:146: all] Error 2
[16.775s] Invoked command in '/mnt/c/Users/harry/ros_ws/build/andromeda_proximity_filter' returned '2': CMAKE_PREFIX_PATH=${CMAKE_PREFIX_PATH}:/opt/ros/humble /usr/bin/cmake --build /mnt/c/Users/harry/ros_ws/build/andromeda_proximity_filter -- -j16 -l16
