Start testing: Dec 17 14:23 AEDT
----------------------------------------------------------
1/7 Testing: FilterLibTest
1/7 Test: FilterLibTest
Command: "/mnt/c/Users/harry/ros_ws/build/andromeda_proximity_filter/test_filter_lib"
Directory: /mnt/c/Users/harry/ros_ws/build/andromeda_proximity_filter
"FilterLibTest" start time: Dec 17 14:23 AEDT
Output:
----------------------------------------------------------
[==========] Running 1 test from 1 test suite.
[----------] Global test environment set-up.
[----------] 1 test from ProximityFilterLibTest
[ RUN      ] ProximityFilterLibTest.SimplePolygon
/mnt/c/Users/harry/ros_ws/src/andromeda_proximity_filter/test/test_filter_lib.cpp:15: Failure
Expected equality of these values:
  filtered.size()
    Which is: 3
  2
[  FAILED  ] ProximityFilterLibTest.SimplePolygon (0 ms)
[----------] 1 test from ProximityFilterLibTest (0 ms total)

[----------] Global test environment tear-down
[==========] 1 test from 1 test suite ran. (0 ms total)
[  PASSED  ] 0 tests.
[  FAILED  ] 1 test, listed below:
[  FAILED  ] ProximityFilterLibTest.SimplePolygon

 1 FAILED TEST
<end of output>
Test time =   0.01 sec
----------------------------------------------------------
Test Failed.
"FilterLibTest" end time: Dec 17 14:23 AEDT
"FilterLibTest" time elapsed: 00:00:00
----------------------------------------------------------

2/7 Testing: cppcheck
2/7 Test: cppcheck
Command: "/usr/bin/python3" "-u" "/opt/ros/humble/share/ament_cmake_test/cmake/run_test.py" "/mnt/c/Users/harry/ros_ws/build/andromeda_proximity_filter/test_results/andromeda_proximity_filter/cppcheck.xunit.xml" "--package-name" "andromeda_proximity_filter" "--output-file" "/mnt/c/Users/harry/ros_ws/build/andromeda_proximity_filter/ament_cppcheck/cppcheck.txt" "--command" "/opt/ros/humble/bin/ament_cppcheck" "--xunit-file" "/mnt/c/Users/harry/ros_ws/build/andromeda_proximity_filter/test_results/andromeda_proximity_filter/cppcheck.xunit.xml" "--include_dirs" "/mnt/c/Users/harry/ros_ws/src/andromeda_proximity_filter/include" "/mnt/c/Users/harry/ros_ws/src/andromeda_proximity_filter/include"
Directory: /mnt/c/Users/harry/ros_ws/src/andromeda_proximity_filter
"cppcheck" start time: Dec 17 14:23 AEDT
Output:
----------------------------------------------------------
-- run_test.py: invoking following command in '/mnt/c/Users/harry/ros_ws/src/andromeda_proximity_filter':
 - /opt/ros/humble/bin/ament_cppcheck --xunit-file /mnt/c/Users/harry/ros_ws/build/andromeda_proximity_filter/test_results/andromeda_proximity_filter/cppcheck.xunit.xml --include_dirs /mnt/c/Users/harry/ros_ws/src/andromeda_proximity_filter/include /mnt/c/Users/harry/ros_ws/src/andromeda_proximity_filter/include
cppcheck 2.7 has known performance issues and therefore will not be used, set the AMENT_CPPCHECK_ALLOW_SLOW_VERSIONS environment variable to override this.
-- run_test.py: return code 0
-- run_test.py: verify result file '/mnt/c/Users/harry/ros_ws/build/andromeda_proximity_filter/test_results/andromeda_proximity_filter/cppcheck.xunit.xml'
<end of output>
Test time =   0.18 sec
----------------------------------------------------------
Test Passed.
"cppcheck" end time: Dec 17 14:23 AEDT
"cppcheck" time elapsed: 00:00:00
----------------------------------------------------------

3/7 Testing: flake8
3/7 Test: flake8
Command: "/usr/bin/python3" "-u" "/opt/ros/humble/share/ament_cmake_test/cmake/run_test.py" "/mnt/c/Users/harry/ros_ws/build/andromeda_proximity_filter/test_results/andromeda_proximity_filter/flake8.xunit.xml" "--package-name" "andromeda_proximity_filter" "--output-file" "/mnt/c/Users/harry/ros_ws/build/andromeda_proximity_filter/ament_flake8/flake8.txt" "--command" "/opt/ros/humble/bin/ament_flake8" "--xunit-file" "/mnt/c/Users/harry/ros_ws/build/andromeda_proximity_filter/test_results/andromeda_proximity_filter/flake8.xunit.xml"
Directory: /mnt/c/Users/harry/ros_ws/src/andromeda_proximity_filter
"flake8" start time: Dec 17 14:23 AEDT
Output:
----------------------------------------------------------
-- run_test.py: invoking following command in '/mnt/c/Users/harry/ros_ws/src/andromeda_proximity_filter':
 - /opt/ros/humble/bin/ament_flake8 --xunit-file /mnt/c/Users/harry/ros_ws/build/andromeda_proximity_filter/test_results/andromeda_proximity_filter/flake8.xunit.xml
from launch.actions import ExecuteProcess
^
def generate_launch_description():
^
    pkg_dir = os.path.join(os.getenv('COLCON_PREFIX_PATH').split(':')[0], 'andromeda_proximity_filter')
    ^
    pkg_dir = os.path.join(os.getenv('COLCON_PREFIX_PATH').split(':')[0], 'andromeda_proximity_filter')
                                                                                                   ^
class RealisticLidarPublisher(Node):
^
        self.timer = self.create_timer(0.2, self.publish_pointcloud) 
                                                                    ^
        
^
       
^
        self.num_points = 500       
        ^
        self.num_points = 500       
                             ^
        self.max_range = 3.0        
                            ^
        self.fov_deg = 180.0        
                            ^
        self.fov_center_deg = 0.0   
                                 ^
        
^
        self.hex_center = (0, 0)  
        ^
        self.hex_center = (0, 0)  
                                ^
            ( 0.5,   0.0),
             ^
            ( 0.25,  0.433),
             ^
            ( 0.25, -0.433),
             ^
            
^
            r = random.uniform(0.0, self.max_range * 2)  
                                                       ^
            z = random.uniform(-0.05, 0.2) 
                                          ^
            
^
            if random.random() < 0.1: 
            ^
            if random.random() < 0.1: 
                                     ^
def main():
^
if __name__ == '__main__':
^

^
3     E201 whitespace after '('
3     E302 expected 2 blank lines, found 1
3     E303 too many blank lines (2)
1     E305 expected 2 blank lines after class or function definition, found 1
1     E501 line too long (103 > 99 characters)
1     F401 'launch.actions.ExecuteProcess' imported but unused
1     F841 local variable 'pkg_dir' is assigned to but never used
9     W291 trailing whitespace
5     W293 blank line contains whitespace
1     W391 blank line at end of file

./launch/proximity_filter_launch.py:3:1: F401 'launch.actions.ExecuteProcess' imported but unused

./launch/proximity_filter_launch.py:6:1: E302 expected 2 blank lines, found 1

./launch/proximity_filter_launch.py:7:5: F841 local variable 'pkg_dir' is assigned to but never used

./launch/proximity_filter_launch.py:7:100: E501 line too long (103 > 99 characters)

./scripts/test_pointcloud_pub.py:9:1: E302 expected 2 blank lines, found 1

./scripts/test_pointcloud_pub.py:15:69: W291 trailing whitespace

./scripts/test_pointcloud_pub.py:16:1: W293 blank line contains whitespace

./scripts/test_pointcloud_pub.py:19:1: W293 blank line contains whitespace

./scripts/test_pointcloud_pub.py:20:9: E303 too many blank lines (2)

./scripts/test_pointcloud_pub.py:20:30: W291 trailing whitespace

./scripts/test_pointcloud_pub.py:21:29: W291 trailing whitespace

./scripts/test_pointcloud_pub.py:22:29: W291 trailing whitespace

./scripts/test_pointcloud_pub.py:23:34: W291 trailing whitespace

./scripts/test_pointcloud_pub.py:25:1: W293 blank line contains whitespace

./scripts/test_pointcloud_pub.py:26:9: E303 too many blank lines (2)

./scripts/test_pointcloud_pub.py:26:33: W291 trailing whitespace

./scripts/test_pointcloud_pub.py:28:14: E201 whitespace after '('

./scripts/test_pointcloud_pub.py:29:14: E201 whitespace after '('

./scripts/test_pointcloud_pub.py:33:14: E201 whitespace after '('

./scripts/test_pointcloud_pub.py:46:1: W293 blank line contains whitespace

./scripts/test_pointcloud_pub.py:48:56: W291 trailing whitespace

./scripts/test_pointcloud_pub.py:52:43: W291 trailing whitespace

./scripts/test_pointcloud_pub.py:54:1: W293 blank line contains whitespace

./scripts/test_pointcloud_pub.py:55:13: E303 too many blank lines (2)

./scripts/test_pointcloud_pub.py:55:38: W291 trailing whitespace

./scripts/test_pointcloud_pub.py:85:1: E302 expected 2 blank lines, found 1

./scripts/test_pointcloud_pub.py:91:1: E305 expected 2 blank lines after class or function definition, found 1

./scripts/test_pointcloud_pub.py:93:1: W391 blank line at end of file


2 files checked
28 errors

'E'-type errors: 11
'F'-type errors: 2
'W'-type errors: 15

Checked files:

* ./launch/proximity_filter_launch.py
* ./scripts/test_pointcloud_pub.py
-- run_test.py: return code 1
-- run_test.py: verify result file '/mnt/c/Users/harry/ros_ws/build/andromeda_proximity_filter/test_results/andromeda_proximity_filter/flake8.xunit.xml'
<end of output>
Test time =   0.33 sec
----------------------------------------------------------
Test Failed.
"flake8" end time: Dec 17 14:23 AEDT
"flake8" time elapsed: 00:00:00
----------------------------------------------------------

4/7 Testing: lint_cmake
4/7 Test: lint_cmake
Command: "/usr/bin/python3" "-u" "/opt/ros/humble/share/ament_cmake_test/cmake/run_test.py" "/mnt/c/Users/harry/ros_ws/build/andromeda_proximity_filter/test_results/andromeda_proximity_filter/lint_cmake.xunit.xml" "--package-name" "andromeda_proximity_filter" "--output-file" "/mnt/c/Users/harry/ros_ws/build/andromeda_proximity_filter/ament_lint_cmake/lint_cmake.txt" "--command" "/opt/ros/humble/bin/ament_lint_cmake" "--xunit-file" "/mnt/c/Users/harry/ros_ws/build/andromeda_proximity_filter/test_results/andromeda_proximity_filter/lint_cmake.xunit.xml"
Directory: /mnt/c/Users/harry/ros_ws/src/andromeda_proximity_filter
"lint_cmake" start time: Dec 17 14:23 AEDT
Output:
----------------------------------------------------------
-- run_test.py: invoking following command in '/mnt/c/Users/harry/ros_ws/src/andromeda_proximity_filter':
 - /opt/ros/humble/bin/ament_lint_cmake --xunit-file /mnt/c/Users/harry/ros_ws/build/andromeda_proximity_filter/test_results/andromeda_proximity_filter/lint_cmake.xunit.xml

No problems found
-- run_test.py: return code 0
-- run_test.py: verify result file '/mnt/c/Users/harry/ros_ws/build/andromeda_proximity_filter/test_results/andromeda_proximity_filter/lint_cmake.xunit.xml'
<end of output>
Test time =   0.14 sec
----------------------------------------------------------
Test Passed.
"lint_cmake" end time: Dec 17 14:23 AEDT
"lint_cmake" time elapsed: 00:00:00
----------------------------------------------------------

5/7 Testing: pep257
5/7 Test: pep257
Command: "/usr/bin/python3" "-u" "/opt/ros/humble/share/ament_cmake_test/cmake/run_test.py" "/mnt/c/Users/harry/ros_ws/build/andromeda_proximity_filter/test_results/andromeda_proximity_filter/pep257.xunit.xml" "--package-name" "andromeda_proximity_filter" "--output-file" "/mnt/c/Users/harry/ros_ws/build/andromeda_proximity_filter/ament_pep257/pep257.txt" "--command" "/opt/ros/humble/bin/ament_pep257" "--xunit-file" "/mnt/c/Users/harry/ros_ws/build/andromeda_proximity_filter/test_results/andromeda_proximity_filter/pep257.xunit.xml"
Directory: /mnt/c/Users/harry/ros_ws/src/andromeda_proximity_filter
"pep257" start time: Dec 17 14:23 AEDT
Output:
----------------------------------------------------------
-- run_test.py: invoking following command in '/mnt/c/Users/harry/ros_ws/src/andromeda_proximity_filter':
 - /opt/ros/humble/bin/ament_pep257 --xunit-file /mnt/c/Users/harry/ros_ws/build/andromeda_proximity_filter/test_results/andromeda_proximity_filter/pep257.xunit.xml
checking ./launch/proximity_filter_launch.py
checking ./scripts/test_pointcloud_pub.py
No problems found
-- run_test.py: return code 0
-- run_test.py: verify result file '/mnt/c/Users/harry/ros_ws/build/andromeda_proximity_filter/test_results/andromeda_proximity_filter/pep257.xunit.xml'
<end of output>
Test time =   0.28 sec
----------------------------------------------------------
Test Passed.
"pep257" end time: Dec 17 14:23 AEDT
"pep257" time elapsed: 00:00:00
----------------------------------------------------------

6/7 Testing: uncrustify
6/7 Test: uncrustify
Command: "/usr/bin/python3" "-u" "/opt/ros/humble/share/ament_cmake_test/cmake/run_test.py" "/mnt/c/Users/harry/ros_ws/build/andromeda_proximity_filter/test_results/andromeda_proximity_filter/uncrustify.xunit.xml" "--package-name" "andromeda_proximity_filter" "--output-file" "/mnt/c/Users/harry/ros_ws/build/andromeda_proximity_filter/ament_uncrustify/uncrustify.txt" "--command" "/opt/ros/humble/bin/ament_uncrustify" "--xunit-file" "/mnt/c/Users/harry/ros_ws/build/andromeda_proximity_filter/test_results/andromeda_proximity_filter/uncrustify.xunit.xml"
Directory: /mnt/c/Users/harry/ros_ws/src/andromeda_proximity_filter
"uncrustify" start time: Dec 17 14:23 AEDT
Output:
----------------------------------------------------------
-- run_test.py: invoking following command in '/mnt/c/Users/harry/ros_ws/src/andromeda_proximity_filter':
 - /opt/ros/humble/bin/ament_uncrustify --xunit-file /mnt/c/Users/harry/ros_ws/build/andromeda_proximity_filter/test_results/andromeda_proximity_filter/uncrustify.xunit.xml
Code style divergence in file 'include/andromeda_proximity_filter/proximity_filter_lib.hpp':

--- include/andromeda_proximity_filter/proximity_filter_lib.hpp
+++ include/andromeda_proximity_filter/proximity_filter_lib.hpp.uncrustify
@@ -12,5 +12,6 @@
-    struct Point3D {
-        double x;
-        double y;
-        double z;
-    };
+  struct Point3D
+  {
+    double x;
+    double y;
+    double z;
+  };
@@ -18 +19 @@
-    ProximityFilterLib();
+  ProximityFilterLib();
@@ -20,4 +21,4 @@
-    void setPolygon(const std::vector<double>& x, const std::vector<double>& y);
-    void setMaxRange(double range);
-    void setFov(double center_deg, double width_deg);
-    void getPolygon(std::vector<double>& x, std::vector<double>& y) const;
+  void setPolygon(const std::vector<double> & x, const std::vector<double> & y);
+  void setMaxRange(double range);
+  void setFov(double center_deg, double width_deg);
+  void getPolygon(std::vector<double> & x, std::vector<double> & y) const;
@@ -25,3 +26,3 @@
-    // Filtering functions
-    std::vector<Point3D> filterPoints(const std::vector<Point3D>& points) const;
-    sensor_msgs::msg::PointCloud2 filterPointCloud(const sensor_msgs::msg::PointCloud2& cloud) const;
+  // Filtering functions
+  std::vector<Point3D> filterPoints(const std::vector<Point3D> & points) const;
+  sensor_msgs::msg::PointCloud2 filterPointCloud(const sensor_msgs::msg::PointCloud2 & cloud) const;
@@ -30,2 +31,2 @@
-    bool rayCasting(double x, double y) const;
-    bool inFov(double x, double y) const;
+  bool rayCasting(double x, double y) const;
+  bool inFov(double x, double y) const;
@@ -33,6 +34,6 @@
-    std::vector<double> polygon_x_;
-    std::vector<double> polygon_y_;
-    double max_range_;
-    double max_range_sq_;
-    double fov_center_rad_;
-    double fov_half_width_rad_;
+  std::vector<double> polygon_x_;
+  std::vector<double> polygon_y_;
+  double max_range_;
+  double max_range_sq_;
+  double fov_center_rad_;
+  double fov_half_width_rad_;

Code style divergence in file 'include/andromeda_proximity_filter/proximity_filter_node.hpp':

--- include/andromeda_proximity_filter/proximity_filter_node.hpp
+++ include/andromeda_proximity_filter/proximity_filter_node.hpp.uncrustify
@@ -15 +15 @@
-    ProximityFilterNode();
+  ProximityFilterNode();
@@ -18 +18 @@
-    void pointcloudCallback(const sensor_msgs::msg::PointCloud2::SharedPtr msg);
+  void pointcloudCallback(const sensor_msgs::msg::PointCloud2::SharedPtr msg);
@@ -20 +20 @@
-    ProximityFilterLib filter_lib_;
+  ProximityFilterLib filter_lib_;
@@ -22,3 +22,3 @@
-    rclcpp::Subscription<sensor_msgs::msg::PointCloud2>::SharedPtr subscription_;
-    rclcpp::Publisher<sensor_msgs::msg::PointCloud2>::SharedPtr filtered_pub_;
-    rclcpp::Publisher<geometry_msgs::msg::PolygonStamped>::SharedPtr polygon_pub_;
+  rclcpp::Subscription<sensor_msgs::msg::PointCloud2>::SharedPtr subscription_;
+  rclcpp::Publisher<sensor_msgs::msg::PointCloud2>::SharedPtr filtered_pub_;
+  rclcpp::Publisher<geometry_msgs::msg::PolygonStamped>::SharedPtr polygon_pub_;
@@ -26 +26 @@
-    rclcpp::Time last_processed_time_;
+  rclcpp::Time last_processed_time_;
@@ -28 +28 @@
-    rclcpp::node_interfaces::OnSetParametersCallbackHandle::SharedPtr param_handle_;
+  rclcpp::node_interfaces::OnSetParametersCallbackHandle::SharedPtr param_handle_;

Code style divergence in file 'src/main.cpp':

--- src/main.cpp
+++ src/main.cpp.uncrustify
@@ -4 +4 @@
-int main(int argc, char** argv)
+int main(int argc, char ** argv)
@@ -6,4 +6,4 @@
-    rclcpp::init(argc, argv);
-    rclcpp::spin(std::make_shared<ProximityFilterNode>());
-    rclcpp::shutdown();
-    return 0;
+  rclcpp::init(argc, argv);
+  rclcpp::spin(std::make_shared<ProximityFilterNode>());
+  rclcpp::shutdown();
+  return 0;

Code style divergence in file 'src/proximity_filter_lib.cpp':

--- src/proximity_filter_lib.cpp
+++ src/proximity_filter_lib.cpp.uncrustify
@@ -5,2 +5,2 @@
-    : max_range_(1.5), max_range_sq_(2.25),
-      fov_center_rad_(0.0), fov_half_width_rad_(M_PI)
+: max_range_(1.5), max_range_sq_(2.25),
+  fov_center_rad_(0.0), fov_half_width_rad_(M_PI)
@@ -8,2 +8,2 @@
-    polygon_x_ = {0.5, 0.25, -0.25, -0.5, -0.25, 0.25};
-    polygon_y_ = {0.0, 0.433, 0.433, 0.0, -0.433, -0.433};
+  polygon_x_ = {0.5, 0.25, -0.25, -0.5, -0.25, 0.25};
+  polygon_y_ = {0.0, 0.433, 0.433, 0.0, -0.433, -0.433};
@@ -12 +12 @@
-void ProximityFilterLib::setPolygon(const std::vector<double>& x, const std::vector<double>& y)
+void ProximityFilterLib::setPolygon(const std::vector<double> & x, const std::vector<double> & y)
@@ -14,2 +14,2 @@
-    polygon_x_ = x;
-    polygon_y_ = y;
+  polygon_x_ = x;
+  polygon_y_ = y;
@@ -20,2 +20,2 @@
-    max_range_ = range;
-    max_range_sq_ = range * range;
+  max_range_ = range;
+  max_range_sq_ = range * range;
@@ -26,2 +26,2 @@
-    fov_center_rad_ = center_deg * M_PI / 180.0;
-    fov_half_width_rad_ = width_deg * M_PI / 180.0 / 2.0;
+  fov_center_rad_ = center_deg * M_PI / 180.0;
+  fov_half_width_rad_ = width_deg * M_PI / 180.0 / 2.0;
@@ -30 +30 @@
-void ProximityFilterLib::getPolygon(std::vector<double>& x, std::vector<double>& y) const
+void ProximityFilterLib::getPolygon(std::vector<double> & x, std::vector<double> & y) const
@@ -32,2 +32,2 @@
-    x = polygon_x_;
-    y = polygon_y_;
+  x = polygon_x_;
+  y = polygon_y_;
@@ -41,2 +41,2 @@
-    bool inside = false;
-    size_t n = polygon_x_.size();
+  bool inside = false;
+  size_t n = polygon_x_.size();
@@ -44,5 +44,5 @@
-    for (size_t i = 0, j = n - 1; i < n; j = i++) {
-        double x1 = polygon_x_[i];
-        double y1 = polygon_y_[i];
-        double x2 = polygon_x_[j];
-        double y2 = polygon_y_[j];
+  for (size_t i = 0, j = n - 1; i < n; j = i++) {
+    double x1 = polygon_x_[i];
+    double y1 = polygon_y_[i];
+    double x2 = polygon_x_[j];
+    double y2 = polygon_y_[j];
@@ -50 +50 @@
-        if (y1 == y2) continue;
+    if (y1 == y2) {continue;}
@@ -52,2 +52,2 @@
-        bool crosses_y = ((y1 > y) != (y2 > y));
-        if (!crosses_y) continue;
+    bool crosses_y = ((y1 > y) != (y2 > y));
+    if (!crosses_y) {continue;}
@@ -55,2 +55,2 @@
-        // Linear maths of calculating the gradient and intercept
-        double x_intersect = x1 + (x2 - x1) * (y - y1) / (y2 - y1);
+    // Linear maths of calculating the gradient and intercept
+    double x_intersect = x1 + (x2 - x1) * (y - y1) / (y2 - y1);
@@ -58,5 +58,17 @@
-        // If it shoots from outside to inside, flip it over, if it shoots from inside to outside, flip it over
-        // like odd->even, even -> odd , alternatively based on the line intersection.
-        if (x < x_intersect) {
-            inside = !inside;
-        }
+    // If it shoots from outside to inside, flip it over, if it shoots from inside to outside, flip it over
+    // like odd->even, even -> odd , alternatively based on the line intersection.
+    if (x < x_intersect) {
+      inside = !inside;
+    }
+  }
+
+
+  // The points on the edges should be counted too
+  for (size_t i = 0; i < n; ++i) {
+    double x1 = polygon_x_[i];
+    double y1 = polygon_y_[i];
+
+    double dx = x - x1;
+    double dy = y - y1;
+    if (std::abs(dx) < 1e-6 && std::abs(dy) < 1e-6) {
+      return false;
@@ -64,0 +77,3 @@
+    size_t j = (i + 1) % n;
+    double x2 = polygon_x_[j];
+    double y2 = polygon_y_[j];
@@ -66,4 +81,2 @@
-    // The points on the edges should be counted too
-    for (size_t i = 0; i < n; ++i) {
-        double x1 = polygon_x_[i];
-        double y1 = polygon_y_[i];
+    double dx_edge = x2 - x1;
+    double dy_edge = y2 - y1;
@@ -71,5 +84,9 @@
-        double dx = x - x1;
-        double dy = y - y1;
-        if (std::abs(dx) < 1e-6 && std::abs(dy) < 1e-6) {
-            return false; 
-        }
+    double cross = dx * dy_edge - dy * dx_edge;
+    if (std::abs(cross) < 1e-6) {
+      double dot = dx * dx_edge + dy * dy_edge;
+      double len_sq = dx_edge * dx_edge + dy_edge * dy_edge;
+      if (dot >= 0 && dot <= len_sq) {
+        return false;
+      }
+    }
+  }
@@ -77,18 +94 @@
-        size_t j = (i + 1) % n;
-        double x2 = polygon_x_[j];
-        double y2 = polygon_y_[j];
-
-        double dx_edge = x2 - x1;
-        double dy_edge = y2 - y1;
-
-        double cross = dx * dy_edge - dy * dx_edge;
-        if (std::abs(cross) < 1e-6) {
-            double dot = dx * dx_edge + dy * dy_edge;
-            double len_sq = dx_edge * dx_edge + dy_edge * dy_edge;
-            if (dot >= 0 && dot <= len_sq) {
-                return false; 
-            }
-        }
-    }
-
-    return inside;
+  return inside;
@@ -99 +99 @@
-    double point_angle = std::atan2(y, x);
+  double point_angle = std::atan2(y, x);
@@ -101 +101 @@
-    double angle_difference = point_angle - fov_center_rad_;
+  double angle_difference = point_angle - fov_center_rad_;
@@ -103,8 +103,8 @@
-    // Make the angle lands in [-pi,pi]
-    while (angle_difference > M_PI) {
-        angle_difference -= 2.0 * M_PI;
-    }
-    while (angle_difference < -M_PI) {
-        angle_difference += 2.0 * M_PI;
-    }
-    bool is_inside_fov = std::fabs(angle_difference) <= fov_half_width_rad_;
+  // Make the angle lands in [-pi,pi]
+  while (angle_difference > M_PI) {
+    angle_difference -= 2.0 * M_PI;
+  }
+  while (angle_difference < -M_PI) {
+    angle_difference += 2.0 * M_PI;
+  }
+  bool is_inside_fov = std::fabs(angle_difference) <= fov_half_width_rad_;
@@ -112 +112 @@
-    return is_inside_fov;
+  return is_inside_fov;
@@ -116 +116,2 @@
-std::vector<ProximityFilterLib::Point3D> ProximityFilterLib::filterPoints(const std::vector<Point3D>& points) const
+std::vector<ProximityFilterLib::Point3D> ProximityFilterLib::filterPoints(
+  const std::vector<Point3D> & points) const
@@ -118,8 +119,8 @@
-    std::vector<Point3D> result;
-    for (const auto& p : points) {
-        if ((p.x*p.x + p.y*p.y + p.z*p.z) > max_range_sq_) continue;
-        if (!inFov(p.x, p.y)) continue;
-        if (rayCasting(p.x, p.y)) continue;
-        result.push_back(p);
-    }
-    return result;
+  std::vector<Point3D> result;
+  for (const auto & p : points) {
+    if ((p.x * p.x + p.y * p.y + p.z * p.z) > max_range_sq_) {continue;}
+    if (!inFov(p.x, p.y)) {continue;}
+    if (rayCasting(p.x, p.y)) {continue;}
+    result.push_back(p);
+  }
+  return result;
@@ -129 +130,2 @@
-sensor_msgs::msg::PointCloud2 ProximityFilterLib::filterPointCloud(const sensor_msgs::msg::PointCloud2& cloud) const
+sensor_msgs::msg::PointCloud2 ProximityFilterLib::filterPointCloud(
+  const sensor_msgs::msg::PointCloud2 & cloud) const
@@ -131,4 +133,4 @@
-    sensor_msgs::msg::PointCloud2 filtered = cloud;
-    filtered.data.clear();
-    filtered.width = 0;
-    filtered.height = 1;
+  sensor_msgs::msg::PointCloud2 filtered = cloud;
+  filtered.data.clear();
+  filtered.width = 0;
+  filtered.height = 1;
@@ -136,7 +138,7 @@
-    int x_offset = -1, y_offset = -1, z_offset = -1;
-    for (const auto& field : cloud.fields) {
-        if (field.name == "x") x_offset = field.offset;
-        if (field.name == "y") y_offset = field.offset;
-        if (field.name == "z") z_offset = field.offset;
-    }
-    if (x_offset < 0 || y_offset < 0 || z_offset < 0) return filtered;
+  int x_offset = -1, y_offset = -1, z_offset = -1;
+  for (const auto & field : cloud.fields) {
+    if (field.name == "x") {x_offset = field.offset;}
+    if (field.name == "y") {y_offset = field.offset;}
+    if (field.name == "z") {z_offset = field.offset;}
+  }
+  if (x_offset < 0 || y_offset < 0 || z_offset < 0) {return filtered;}
@@ -144,2 +146,2 @@
-    const size_t point_step = cloud.point_step;
-    const size_t num_points = cloud.width * cloud.height;
+  const size_t point_step = cloud.point_step;
+  const size_t num_points = cloud.width * cloud.height;
@@ -147,4 +149,4 @@
-    std::vector<Point3D> points;
-    points.reserve(num_points);
-    std::vector<const uint8_t*> raw_ptrs;
-    raw_ptrs.reserve(num_points);
+  std::vector<Point3D> points;
+  points.reserve(num_points);
+  std::vector<const uint8_t *> raw_ptrs;
+  raw_ptrs.reserve(num_points);
@@ -152,8 +154,8 @@
-    for (size_t i = 0; i < num_points; ++i) {
-        const uint8_t* ptr = &cloud.data[i * point_step];
-        float x = *reinterpret_cast<const float*>(ptr + x_offset);
-        float y = *reinterpret_cast<const float*>(ptr + y_offset);
-        float z = *reinterpret_cast<const float*>(ptr + z_offset);
-        points.push_back({static_cast<double>(x), static_cast<double>(y), static_cast<double>(z)});
-        raw_ptrs.push_back(ptr);
-    }
+  for (size_t i = 0; i < num_points; ++i) {
+    const uint8_t * ptr = &cloud.data[i * point_step];
+    float x = *reinterpret_cast<const float *>(ptr + x_offset);
+    float y = *reinterpret_cast<const float *>(ptr + y_offset);
+    float z = *reinterpret_cast<const float *>(ptr + z_offset);
+    points.push_back({static_cast<double>(x), static_cast<double>(y), static_cast<double>(z)});
+    raw_ptrs.push_back(ptr);
+  }
@@ -161 +163 @@
-    auto filtered_points = filterPoints(points);
+  auto filtered_points = filterPoints(points);
@@ -163,7 +165,7 @@
-    for (size_t i = 0; i < filtered_points.size(); ++i) {
-        const uint8_t* ptr = raw_ptrs[i];
-        filtered.data.insert(filtered.data.end(), ptr, ptr + point_step);
-        filtered.width++;
-    }
-    filtered.row_step = filtered.width * point_step;
-    return filtered;
+  for (size_t i = 0; i < filtered_points.size(); ++i) {
+    const uint8_t * ptr = raw_ptrs[i];
+    filtered.data.insert(filtered.data.end(), ptr, ptr + point_step);
+    filtered.width++;
+  }
+  filtered.row_step = filtered.width * point_step;
+  return filtered;
@@ -171,5 +172,0 @@
-
-
-
-
-

Code style divergence in file 'src/proximity_filter_node.cpp':

--- src/proximity_filter_node.cpp
+++ src/proximity_filter_node.cpp.uncrustify
@@ -4 +4 @@
-    : Node("proximity_filter")
+: Node("proximity_filter")
@@ -6,9 +6,11 @@
-    // Parameters initialisation
-    this->declare_parameter<std::vector<double>>("polygon_x", {0.5,0.25,-0.25,-0.5,-0.25,0.25});
-    this->declare_parameter<std::vector<double>>("polygon_y", {0.0,0.433,0.433,0.0,-0.433,-0.433});
-    this->declare_parameter<double>("max_range", 1.5);
-    this->declare_parameter<double>("fov_center_deg", 0.0);
-    this->declare_parameter<double>("fov_width_deg", 180.0);
-    this->declare_parameter<std::string>("input_topic", "/points/raw");
-    this->declare_parameter<std::string>("output_topic", "/points/filtered");
-    this->declare_parameter<std::string>("polygon_topic", "/points/filter_polygon");
+  // Parameters initialisation
+  this->declare_parameter<std::vector<double>>("polygon_x", {0.5, 0.25, -0.25, -0.5, -0.25, 0.25});
+  this->declare_parameter<std::vector<double>>(
+    "polygon_y",
+    {0.0, 0.433, 0.433, 0.0, -0.433, -0.433});
+  this->declare_parameter<double>("max_range", 1.5);
+  this->declare_parameter<double>("fov_center_deg", 0.0);
+  this->declare_parameter<double>("fov_width_deg", 180.0);
+  this->declare_parameter<std::string>("input_topic", "/points/raw");
+  this->declare_parameter<std::string>("output_topic", "/points/filtered");
+  this->declare_parameter<std::string>("polygon_topic", "/points/filter_polygon");
@@ -16,3 +18,3 @@
-    rcl_interfaces::msg::ParameterDescriptor rate_desc;
-    rate_desc.description = "Processing frequency in Hz";
-    this->declare_parameter<int>("subscription_rate", 20, rate_desc);
+  rcl_interfaces::msg::ParameterDescriptor rate_desc;
+  rate_desc.description = "Processing frequency in Hz";
+  this->declare_parameter<int>("subscription_rate", 20, rate_desc);
@@ -20,5 +22,5 @@
-    // Subscription
-    subscription_ = this->create_subscription<sensor_msgs::msg::PointCloud2>(
-        this->get_parameter("input_topic").as_string(),
-        rclcpp::SensorDataQoS(),
-        std::bind(&ProximityFilterNode::pointcloudCallback, this, std::placeholders::_1));
+  // Subscription
+  subscription_ = this->create_subscription<sensor_msgs::msg::PointCloud2>(
+    this->get_parameter("input_topic").as_string(),
+    rclcpp::SensorDataQoS(),
+    std::bind(&ProximityFilterNode::pointcloudCallback, this, std::placeholders::_1));
@@ -26 +28 @@
-    // Publishers
+  // Publishers
@@ -28,13 +30,6 @@
-    // Filtered point cloud publisher
-    // Use a queue size of 10 and Reliable QoS to ensure that all filtered points
-    // are delivered to subscribers. Reliability is important for downstream processing
-    // where missing points could affect algorithms.
-    filtered_pub_ = this->create_publisher<sensor_msgs::msg::PointCloud2>(
-        this->get_parameter("output_topic").as_string(), rclcpp::QoS(10).reliable());
-    
-    // Polygon publisher
-    // Use a queue size of 1 and Transient Local QoS so that any new subscribers
-    // immediately receive the latest polygon, even if it was published before
-    // they connected. This is suitable for low-frequency configuration or visualization data.
-    polygon_pub_ = this->create_publisher<geometry_msgs::msg::PolygonStamped>(
-        this->get_parameter("polygon_topic").as_string(), rclcpp::QoS(1).transient_local());
+  // Filtered point cloud publisher
+  // Use a queue size of 10 and Reliable QoS to ensure that all filtered points
+  // are delivered to subscribers. Reliability is important for downstream processing
+  // where missing points could affect algorithms.
+  filtered_pub_ = this->create_publisher<sensor_msgs::msg::PointCloud2>(
+    this->get_parameter("output_topic").as_string(), rclcpp::QoS(10).reliable());
@@ -42 +37,6 @@
-    last_processed_time_ = this->now();
+  // Polygon publisher
+  // Use a queue size of 1 and Transient Local QoS so that any new subscribers
+  // immediately receive the latest polygon, even if it was published before
+  // they connected. This is suitable for low-frequency configuration or visualization data.
+  polygon_pub_ = this->create_publisher<geometry_msgs::msg::PolygonStamped>(
+    this->get_parameter("polygon_topic").as_string(), rclcpp::QoS(1).transient_local());
@@ -44,8 +44,11 @@
-    param_handle_ = this->add_on_set_parameters_callback(
-    [this](const std::vector<rclcpp::Parameter>& params){
-        bool updated = false;
-        for (const auto& p : params) {
-            if (p.get_name() == "polygon_x" || p.get_name() == "polygon_y" ||
-                p.get_name() == "max_range" || p.get_name() == "fov_center_deg" || p.get_name() == "fov_width_deg") {
-                updated = true;
-            }
+  last_processed_time_ = this->now();
+
+  param_handle_ = this->add_on_set_parameters_callback(
+    [this](const std::vector<rclcpp::Parameter> & params) {
+      bool updated = false;
+      for (const auto & p : params) {
+        if (p.get_name() == "polygon_x" || p.get_name() == "polygon_y" ||
+        p.get_name() == "max_range" || p.get_name() == "fov_center_deg" ||
+        p.get_name() == "fov_width_deg")
+        {
+          updated = true;
@@ -53,9 +56,12 @@
-        if (updated) {
-            // Live update
-            filter_lib_.setPolygon(this->get_parameter("polygon_x").as_double_array(),
-                                   this->get_parameter("polygon_y").as_double_array());
-            filter_lib_.setMaxRange(this->get_parameter("max_range").as_double());
-            filter_lib_.setFov(this->get_parameter("fov_center_deg").as_double(),
-                               this->get_parameter("fov_width_deg").as_double());
-            RCLCPP_INFO(this->get_logger(), "Parameters updated live.");
-        }
+      }
+      if (updated) {
+        // Live update
+        filter_lib_.setPolygon(
+          this->get_parameter("polygon_x").as_double_array(),
+          this->get_parameter("polygon_y").as_double_array());
+        filter_lib_.setMaxRange(this->get_parameter("max_range").as_double());
+        filter_lib_.setFov(
+          this->get_parameter("fov_center_deg").as_double(),
+          this->get_parameter("fov_width_deg").as_double());
+        RCLCPP_INFO(this->get_logger(), "Parameters updated live.");
+      }
@@ -63,3 +69,3 @@
-        rcl_interfaces::msg::SetParametersResult result;
-        result.successful = true;
-        return result;
+      rcl_interfaces::msg::SetParametersResult result;
+      result.successful = true;
+      return result;
@@ -69,2 +75 @@
-
-    RCLCPP_INFO(this->get_logger(), "ProximityFilterNode started");
+  RCLCPP_INFO(this->get_logger(), "ProximityFilterNode started");
@@ -76,6 +81,6 @@
-    // Throttle
-    int rate_hz = this->get_parameter("subscription_rate").as_int();
-    double min_dt = 1.0 / rate_hz;
-    rclcpp::Time now = this->now();
-    if ((now - last_processed_time_).seconds() < min_dt) return;
-    last_processed_time_ = now;
+  // Throttle
+  int rate_hz = this->get_parameter("subscription_rate").as_int();
+  double min_dt = 1.0 / rate_hz;
+  rclcpp::Time now = this->now();
+  if ((now - last_processed_time_).seconds() < min_dt) {return;}
+  last_processed_time_ = now;
@@ -83,6 +88,8 @@
-    // Update lib parameters
-    filter_lib_.setPolygon(this->get_parameter("polygon_x").as_double_array(),
-                           this->get_parameter("polygon_y").as_double_array());
-    filter_lib_.setMaxRange(this->get_parameter("max_range").as_double());
-    filter_lib_.setFov(this->get_parameter("fov_center_deg").as_double(),
-                       this->get_parameter("fov_width_deg").as_double());
+  // Update lib parameters
+  filter_lib_.setPolygon(
+    this->get_parameter("polygon_x").as_double_array(),
+    this->get_parameter("polygon_y").as_double_array());
+  filter_lib_.setMaxRange(this->get_parameter("max_range").as_double());
+  filter_lib_.setFov(
+    this->get_parameter("fov_center_deg").as_double(),
+    this->get_parameter("fov_width_deg").as_double());
@@ -90,11 +97,11 @@
-    // Publish polygon for visualization
-    std::vector<double> poly_x, poly_y;
-    filter_lib_.getPolygon(poly_x, poly_y);
-    geometry_msgs::msg::PolygonStamped poly_msg;
-    poly_msg.header = msg->header;
-    for (size_t i=0;i<poly_x.size();++i){
-        geometry_msgs::msg::Point32 p;
-        p.x = poly_x[i]; p.y = poly_y[i]; p.z = 0.0f;
-        poly_msg.polygon.points.push_back(p);
-    }
-    polygon_pub_->publish(poly_msg);
+  // Publish polygon for visualization
+  std::vector<double> poly_x, poly_y;
+  filter_lib_.getPolygon(poly_x, poly_y);
+  geometry_msgs::msg::PolygonStamped poly_msg;
+  poly_msg.header = msg->header;
+  for (size_t i = 0; i < poly_x.size(); ++i) {
+    geometry_msgs::msg::Point32 p;
+    p.x = poly_x[i]; p.y = poly_y[i]; p.z = 0.0f;
+    poly_msg.polygon.points.push_back(p);
+  }
+  polygon_pub_->publish(poly_msg);
@@ -102,3 +109,3 @@
-    // Filter point cloud
-    sensor_msgs::msg::PointCloud2 filtered = filter_lib_.filterPointCloud(*msg);
-    filtered_pub_->publish(filtered);
+  // Filter point cloud
+  sensor_msgs::msg::PointCloud2 filtered = filter_lib_.filterPointCloud(*msg);
+  filtered_pub_->publish(filtered);
@@ -106,3 +113,4 @@
-    RCLCPP_INFO_THROTTLE(this->get_logger(), *this->get_clock(), 2000,
-                          "Filtered cloud: %zu -> %u points",
-                          msg->width*msg->height, filtered.width);
+  RCLCPP_INFO_THROTTLE(
+    this->get_logger(), *this->get_clock(), 2000,
+    "Filtered cloud: %zu -> %u points",
+    msg->width * msg->height, filtered.width);

Code style divergence in file 'test/test_filter_lib.cpp':

--- test/test_filter_lib.cpp
+++ test/test_filter_lib.cpp.uncrustify
@@ -5,4 +5,4 @@
-    ProximityFilterLib filter;
-    filter.setPolygon({0,1,1,0}, {0,0,1,1});
-    filter.setMaxRange(2.0);
-    filter.setFov(0, 180);
+  ProximityFilterLib filter;
+  filter.setPolygon({0, 1, 1, 0}, {0, 0, 1, 1});
+  filter.setMaxRange(2.0);
+  filter.setFov(0, 180);
@@ -10,3 +10,3 @@
-    std::vector<ProximityFilterLib::Point3D> points = {
-        {0.5,0.5,0}, {1.5,0.5,0}, {0.2,-0.2,0}, {2.0,0,0}
-    };
+  std::vector<ProximityFilterLib::Point3D> points = {
+    {0.5, 0.5, 0}, {1.5, 0.5, 0}, {0.2, -0.2, 0}, {2.0, 0, 0}
+  };
@@ -14,4 +14,4 @@
-    auto filtered = filter.filterPoints(points);
-    ASSERT_EQ(filtered.size(), 2);
-    EXPECT_DOUBLE_EQ(filtered[0].x, 1.5);
-    EXPECT_DOUBLE_EQ(filtered[1].x, 2.0);
+  auto filtered = filter.filterPoints(points);
+  ASSERT_EQ(filtered.size(), 2);
+  EXPECT_DOUBLE_EQ(filtered[0].x, 1.5);
+  EXPECT_DOUBLE_EQ(filtered[1].x, 2.0);
@@ -20,3 +20,4 @@
-int main(int argc, char **argv) {
-    ::testing::InitGoogleTest(&argc, argv);
-    return RUN_ALL_TESTS();
+int main(int argc, char ** argv)
+{
+  ::testing::InitGoogleTest(&argc, argv);
+  return RUN_ALL_TESTS();

6 files with code style divergence
-- run_test.py: return code 1
-- run_test.py: verify result file '/mnt/c/Users/harry/ros_ws/build/andromeda_proximity_filter/test_results/andromeda_proximity_filter/uncrustify.xunit.xml'
<end of output>
Test time =   0.30 sec
----------------------------------------------------------
Test Failed.
"uncrustify" end time: Dec 17 14:23 AEDT
"uncrustify" time elapsed: 00:00:00
----------------------------------------------------------

7/7 Testing: xmllint
7/7 Test: xmllint
Command: "/usr/bin/python3" "-u" "/opt/ros/humble/share/ament_cmake_test/cmake/run_test.py" "/mnt/c/Users/harry/ros_ws/build/andromeda_proximity_filter/test_results/andromeda_proximity_filter/xmllint.xunit.xml" "--package-name" "andromeda_proximity_filter" "--output-file" "/mnt/c/Users/harry/ros_ws/build/andromeda_proximity_filter/ament_xmllint/xmllint.txt" "--command" "/opt/ros/humble/bin/ament_xmllint" "--xunit-file" "/mnt/c/Users/harry/ros_ws/build/andromeda_proximity_filter/test_results/andromeda_proximity_filter/xmllint.xunit.xml"
Directory: /mnt/c/Users/harry/ros_ws/src/andromeda_proximity_filter
"xmllint" start time: Dec 17 14:23 AEDT
Output:
----------------------------------------------------------
-- run_test.py: invoking following command in '/mnt/c/Users/harry/ros_ws/src/andromeda_proximity_filter':
 - /opt/ros/humble/bin/ament_xmllint --xunit-file /mnt/c/Users/harry/ros_ws/build/andromeda_proximity_filter/test_results/andromeda_proximity_filter/xmllint.xunit.xml
File 'package.xml' is valid

No problems found
-- run_test.py: return code 0
-- run_test.py: verify result file '/mnt/c/Users/harry/ros_ws/build/andromeda_proximity_filter/test_results/andromeda_proximity_filter/xmllint.xunit.xml'
<end of output>
Test time =   0.90 sec
----------------------------------------------------------
Test Passed.
"xmllint" end time: Dec 17 14:23 AEDT
"xmllint" time elapsed: 00:00:00
----------------------------------------------------------

End testing: Dec 17 14:23 AEDT

cppcheck =   0.18 sec*proc

flake8 =   0.33 sec*proc

lint_cmake =   0.14 sec*proc

linter =   2.11 sec*proc

pep257 =   0.28 sec*proc

uncrustify =   0.30 sec*proc

xmllint =   0.90 sec*proc

